<?xml version="1.0" encoding="UTF-8"?>
<coverage generated="1769785767521" clover="3.2.0">
  <project timestamp="1769785767522" name="All files">
    <metrics statements="81" coveredstatements="79" conditionals="31" coveredconditionals="30" methods="5" coveredmethods="5" elements="117" coveredelements="114" complexity="0" loc="81" ncloc="81" packages="1" files="2" classes="2"/>
    <file name="json.ts" path="D:\___PROJETS\essai\project\src\completion\json.ts">
      <metrics statements="60" coveredstatements="58" conditionals="24" coveredconditionals="23" methods="3" coveredmethods="3"/>
      <line num="4" count="1" type="stmt"/>
      <line num="5" count="1" type="stmt"/>
      <line num="6" count="1" type="stmt"/>
      <line num="7" count="1" type="stmt"/>
      <line num="8" count="1" type="stmt"/>
      <line num="14" count="1" type="stmt"/>
      <line num="21" count="28" type="cond" truecount="1" falsecount="0"/>
      <line num="22" count="28" type="cond" truecount="0" falsecount="1"/>
      <line num="23" count="0" type="stmt"/>
      <line num="24" count="0" type="stmt"/>
      <line num="26" count="28" type="stmt"/>
      <line num="29" count="28" type="cond" truecount="1" falsecount="0"/>
      <line num="30" count="2" type="stmt"/>
      <line num="31" count="2" type="cond" truecount="1" falsecount="0"/>
      <line num="33" count="28" type="cond" truecount="1" falsecount="0"/>
      <line num="34" count="1" type="stmt"/>
      <line num="35" count="1" type="cond" truecount="1" falsecount="0"/>
      <line num="38" count="25" type="stmt"/>
      <line num="39" count="25" type="cond" truecount="1" falsecount="0"/>
      <line num="40" count="9" type="stmt"/>
      <line num="41" count="28" type="cond" truecount="1" falsecount="0"/>
      <line num="42" count="2" type="stmt"/>
      <line num="43" count="2" type="cond" truecount="1" falsecount="0"/>
      <line num="46" count="28" type="cond" truecount="2" falsecount="0"/>
      <line num="47" count="1" type="stmt"/>
      <line num="48" count="1" type="cond" truecount="1" falsecount="0"/>
      <line num="50" count="22" type="stmt"/>
      <line num="51" count="22" type="stmt"/>
      <line num="58" count="32" type="cond" truecount="1" falsecount="0"/>
      <line num="59" count="32" type="stmt"/>
      <line num="60" count="32" type="cond" truecount="1" falsecount="0"/>
      <line num="61" count="3" type="stmt"/>
      <line num="62" count="3" type="cond" truecount="1" falsecount="0"/>
      <line num="64" count="29" type="stmt"/>
      <line num="65" count="32" type="cond" truecount="1" falsecount="0"/>
      <line num="66" count="33" type="stmt"/>
      <line num="67" count="33" type="stmt"/>
      <line num="68" count="33" type="stmt"/>
      <line num="69" count="33" type="cond" truecount="1" falsecount="0"/>
      <line num="71" count="2" type="stmt"/>
      <line num="72" count="33" type="cond" truecount="1" falsecount="0"/>
      <line num="74" count="29" type="stmt"/>
      <line num="75" count="29" type="stmt"/>
      <line num="92" count="1" type="cond" truecount="1" falsecount="0"/>
      <line num="93" count="32" type="stmt"/>
      <line num="96" count="32" type="cond" truecount="1" falsecount="0"/>
      <line num="97" count="28" type="stmt"/>
      <line num="98" count="28" type="cond" truecount="1" falsecount="0"/>
      <line num="100" count="22" type="stmt"/>
      <line num="101" count="22" type="cond" truecount="1" falsecount="0"/>
      <line num="102" count="7" type="stmt"/>
      <line num="103" count="7" type="stmt"/>
      <line num="104" count="22" type="cond" truecount="1" falsecount="0"/>
      <line num="105" count="2" type="stmt"/>
      <line num="106" count="2" type="stmt"/>
      <line num="107" count="22" type="stmt"/>
      <line num="108" count="22" type="stmt"/>
      <line num="109" count="28" type="cond" truecount="1" falsecount="0"/>
      <line num="112" count="10" type="stmt"/>
      <line num="113" count="10" type="stmt"/>
    </file>
    <file name="marker.ts" path="D:\___PROJETS\essai\project\src\completion\marker.ts">
      <metrics statements="21" coveredstatements="21" conditionals="7" coveredconditionals="7" methods="2" coveredmethods="2"/>
      <line num="4" count="1" type="stmt"/>
      <line num="11" count="31" type="cond" truecount="1" falsecount="0"/>
      <line num="12" count="31" type="stmt"/>
      <line num="15" count="31" type="cond" truecount="1" falsecount="0"/>
      <line num="16" count="46" type="stmt"/>
      <line num="17" count="46" type="stmt"/>
      <line num="18" count="46" type="stmt"/>
      <line num="19" count="46" type="cond" truecount="1" falsecount="0"/>
      <line num="20" count="27" type="stmt"/>
      <line num="21" count="27" type="stmt"/>
      <line num="22" count="46" type="stmt"/>
      <line num="23" count="46" type="cond" truecount="1" falsecount="0"/>
      <line num="25" count="4" type="stmt"/>
      <line num="26" count="4" type="stmt"/>
      <line num="42" count="1" type="cond" truecount="1" falsecount="0"/>
      <line num="43" count="31" type="stmt"/>
      <line num="45" count="31" type="cond" truecount="1" falsecount="0"/>
      <line num="46" count="15" type="stmt"/>
      <line num="47" count="15" type="cond" truecount="1" falsecount="0"/>
      <line num="49" count="16" type="stmt"/>
      <line num="50" count="16" type="stmt"/>
    </file>
  </project>
</coverage>
