{"D:\\___PROJETS\\essai\\project\\src\\completion\\json.ts": {"path":"D:\\___PROJETS\\essai\\project\\src\\completion\\json.ts","all":false,"statementMap":{"3":{"start":{"line":4,"column":0},"end":{"line":4,"column":53}},"4":{"start":{"line":5,"column":0},"end":{"line":5,"column":9}},"5":{"start":{"line":6,"column":0},"end":{"line":6,"column":13}},"6":{"start":{"line":7,"column":0},"end":{"line":7,"column":10}},"7":{"start":{"line":8,"column":0},"end":{"line":8,"column":2}},"13":{"start":{"line":14,"column":0},"end":{"line":14,"column":61}},"20":{"start":{"line":21,"column":0},"end":{"line":21,"column":67}},"21":{"start":{"line":22,"column":0},"end":{"line":22,"column":48}},"22":{"start":{"line":23,"column":0},"end":{"line":23,"column":17}},"23":{"start":{"line":24,"column":0},"end":{"line":24,"column":3}},"25":{"start":{"line":26,"column":0},"end":{"line":26,"column":48}},"28":{"start":{"line":29,"column":0},"end":{"line":29,"column":45}},"29":{"start":{"line":30,"column":0},"end":{"line":30,"column":17}},"30":{"start":{"line":31,"column":0},"end":{"line":31,"column":3}},"32":{"start":{"line":33,"column":0},"end":{"line":33,"column":71}},"33":{"start":{"line":34,"column":0},"end":{"line":34,"column":17}},"34":{"start":{"line":35,"column":0},"end":{"line":35,"column":3}},"37":{"start":{"line":38,"column":0},"end":{"line":38,"column":6}},"38":{"start":{"line":39,"column":0},"end":{"line":39,"column":38}},"39":{"start":{"line":40,"column":0},"end":{"line":40,"column":41}},"40":{"start":{"line":41,"column":0},"end":{"line":41,"column":5}},"41":{"start":{"line":42,"column":0},"end":{"line":42,"column":17}},"42":{"start":{"line":43,"column":0},"end":{"line":43,"column":3}},"45":{"start":{"line":46,"column":0},"end":{"line":46,"column":75}},"46":{"start":{"line":47,"column":0},"end":{"line":47,"column":17}},"47":{"start":{"line":48,"column":0},"end":{"line":48,"column":3}},"49":{"start":{"line":50,"column":0},"end":{"line":50,"column":14}},"50":{"start":{"line":51,"column":0},"end":{"line":51,"column":1}},"57":{"start":{"line":58,"column":0},"end":{"line":58,"column":54}},"58":{"start":{"line":59,"column":0},"end":{"line":59,"column":48}},"59":{"start":{"line":60,"column":0},"end":{"line":60,"column":17}},"60":{"start":{"line":61,"column":0},"end":{"line":61,"column":14}},"61":{"start":{"line":62,"column":0},"end":{"line":62,"column":3}},"63":{"start":{"line":64,"column":0},"end":{"line":64,"column":31}},"64":{"start":{"line":65,"column":0},"end":{"line":65,"column":32}},"65":{"start":{"line":66,"column":0},"end":{"line":66,"column":9}},"66":{"start":{"line":67,"column":0},"end":{"line":67,"column":47}},"67":{"start":{"line":68,"column":0},"end":{"line":68,"column":23}},"68":{"start":{"line":69,"column":0},"end":{"line":69,"column":13}},"70":{"start":{"line":71,"column":0},"end":{"line":71,"column":5}},"71":{"start":{"line":72,"column":0},"end":{"line":72,"column":3}},"73":{"start":{"line":74,"column":0},"end":{"line":74,"column":16}},"74":{"start":{"line":75,"column":0},"end":{"line":75,"column":1}},"91":{"start":{"line":92,"column":0},"end":{"line":92,"column":63}},"92":{"start":{"line":93,"column":0},"end":{"line":93,"column":47}},"95":{"start":{"line":96,"column":0},"end":{"line":96,"column":53}},"96":{"start":{"line":97,"column":0},"end":{"line":97,"column":31}},"97":{"start":{"line":98,"column":0},"end":{"line":98,"column":39}},"99":{"start":{"line":100,"column":0},"end":{"line":100,"column":56}},"100":{"start":{"line":101,"column":0},"end":{"line":101,"column":38}},"101":{"start":{"line":102,"column":0},"end":{"line":102,"column":37}},"102":{"start":{"line":103,"column":0},"end":{"line":103,"column":7}},"103":{"start":{"line":104,"column":0},"end":{"line":104,"column":35}},"104":{"start":{"line":105,"column":0},"end":{"line":105,"column":31}},"105":{"start":{"line":106,"column":0},"end":{"line":106,"column":7}},"106":{"start":{"line":107,"column":0},"end":{"line":107,"column":20}},"107":{"start":{"line":108,"column":0},"end":{"line":108,"column":5}},"108":{"start":{"line":109,"column":0},"end":{"line":109,"column":3}},"111":{"start":{"line":112,"column":0},"end":{"line":112,"column":52}},"112":{"start":{"line":113,"column":0},"end":{"line":113,"column":1}}},"s":{"3":1,"4":1,"5":1,"6":1,"7":1,"13":1,"20":28,"21":28,"22":0,"23":0,"25":28,"28":28,"29":2,"30":2,"32":28,"33":1,"34":1,"37":25,"38":25,"39":9,"40":28,"41":2,"42":2,"45":28,"46":1,"47":1,"49":22,"50":22,"57":32,"58":32,"59":32,"60":3,"61":3,"63":29,"64":32,"65":33,"66":33,"67":33,"68":33,"70":2,"71":33,"73":29,"74":29,"91":1,"92":32,"95":32,"96":28,"97":28,"99":22,"100":22,"101":7,"102":7,"103":22,"104":2,"105":2,"106":22,"107":22,"108":28,"111":10,"112":10},"branchMap":{"0":{"type":"branch","line":21,"loc":{"start":{"line":21,"column":0},"end":{"line":51,"column":1}},"locations":[{"start":{"line":21,"column":0},"end":{"line":51,"column":1}}]},"1":{"type":"branch","line":22,"loc":{"start":{"line":22,"column":47},"end":{"line":24,"column":3}},"locations":[{"start":{"line":22,"column":47},"end":{"line":24,"column":3}}]},"2":{"type":"branch","line":29,"loc":{"start":{"line":29,"column":44},"end":{"line":31,"column":3}},"locations":[{"start":{"line":29,"column":44},"end":{"line":31,"column":3}}]},"3":{"type":"branch","line":31,"loc":{"start":{"line":31,"column":2},"end":{"line":33,"column":70}},"locations":[{"start":{"line":31,"column":2},"end":{"line":33,"column":70}}]},"4":{"type":"branch","line":33,"loc":{"start":{"line":33,"column":70},"end":{"line":35,"column":3}},"locations":[{"start":{"line":33,"column":70},"end":{"line":35,"column":3}}]},"5":{"type":"branch","line":35,"loc":{"start":{"line":35,"column":2},"end":{"line":39,"column":38}},"locations":[{"start":{"line":35,"column":2},"end":{"line":39,"column":38}}]},"6":{"type":"branch","line":39,"loc":{"start":{"line":39,"column":26},"end":{"line":40,"column":41}},"locations":[{"start":{"line":39,"column":26},"end":{"line":40,"column":41}}]},"7":{"type":"branch","line":41,"loc":{"start":{"line":41,"column":4},"end":{"line":43,"column":3}},"locations":[{"start":{"line":41,"column":4},"end":{"line":43,"column":3}}]},"8":{"type":"branch","line":43,"loc":{"start":{"line":43,"column":2},"end":{"line":46,"column":38}},"locations":[{"start":{"line":43,"column":2},"end":{"line":46,"column":38}}]},"9":{"type":"branch","line":46,"loc":{"start":{"line":46,"column":25},"end":{"line":46,"column":74}},"locations":[{"start":{"line":46,"column":25},"end":{"line":46,"column":74}}]},"10":{"type":"branch","line":46,"loc":{"start":{"line":46,"column":74},"end":{"line":48,"column":3}},"locations":[{"start":{"line":46,"column":74},"end":{"line":48,"column":3}}]},"11":{"type":"branch","line":48,"loc":{"start":{"line":48,"column":2},"end":{"line":51,"column":1}},"locations":[{"start":{"line":48,"column":2},"end":{"line":51,"column":1}}]},"12":{"type":"branch","line":58,"loc":{"start":{"line":58,"column":0},"end":{"line":75,"column":1}},"locations":[{"start":{"line":58,"column":0},"end":{"line":75,"column":1}}]},"13":{"type":"branch","line":60,"loc":{"start":{"line":60,"column":16},"end":{"line":62,"column":3}},"locations":[{"start":{"line":60,"column":16},"end":{"line":62,"column":3}}]},"14":{"type":"branch","line":62,"loc":{"start":{"line":62,"column":2},"end":{"line":65,"column":31}},"locations":[{"start":{"line":62,"column":2},"end":{"line":65,"column":31}}]},"15":{"type":"branch","line":65,"loc":{"start":{"line":65,"column":31},"end":{"line":72,"column":3}},"locations":[{"start":{"line":65,"column":31},"end":{"line":72,"column":3}}]},"16":{"type":"branch","line":69,"loc":{"start":{"line":69,"column":4},"end":{"line":71,"column":5}},"locations":[{"start":{"line":69,"column":4},"end":{"line":71,"column":5}}]},"17":{"type":"branch","line":72,"loc":{"start":{"line":72,"column":2},"end":{"line":75,"column":1}},"locations":[{"start":{"line":72,"column":2},"end":{"line":75,"column":1}}]},"18":{"type":"branch","line":92,"loc":{"start":{"line":92,"column":7},"end":{"line":113,"column":1}},"locations":[{"start":{"line":92,"column":7},"end":{"line":113,"column":1}}]},"19":{"type":"branch","line":96,"loc":{"start":{"line":96,"column":52},"end":{"line":109,"column":3}},"locations":[{"start":{"line":96,"column":52},"end":{"line":109,"column":3}}]},"20":{"type":"branch","line":98,"loc":{"start":{"line":98,"column":38},"end":{"line":108,"column":5}},"locations":[{"start":{"line":98,"column":38},"end":{"line":108,"column":5}}]},"21":{"type":"branch","line":101,"loc":{"start":{"line":101,"column":37},"end":{"line":103,"column":7}},"locations":[{"start":{"line":101,"column":37},"end":{"line":103,"column":7}}]},"22":{"type":"branch","line":104,"loc":{"start":{"line":104,"column":34},"end":{"line":106,"column":7}},"locations":[{"start":{"line":104,"column":34},"end":{"line":106,"column":7}}]},"23":{"type":"branch","line":109,"loc":{"start":{"line":109,"column":2},"end":{"line":113,"column":1}},"locations":[{"start":{"line":109,"column":2},"end":{"line":113,"column":1}}]}},"b":{"0":[28],"1":[0],"2":[2],"3":[26],"4":[1],"5":[25],"6":[9],"7":[2],"8":[23],"9":[3],"10":[1],"11":[22],"12":[32],"13":[3],"14":[29],"15":[33],"16":[2],"17":[29],"18":[32],"19":[28],"20":[22],"21":[7],"22":[2],"23":[10]},"fnMap":{"0":{"name":"isValidCompletionSchema","decl":{"start":{"line":21,"column":0},"end":{"line":51,"column":1}},"loc":{"start":{"line":21,"column":0},"end":{"line":51,"column":1}},"line":21},"1":{"name":"extractJsonObjects","decl":{"start":{"line":58,"column":0},"end":{"line":75,"column":1}},"loc":{"start":{"line":58,"column":0},"end":{"line":75,"column":1}},"line":58},"2":{"name":"parseJsonCompletion","decl":{"start":{"line":92,"column":7},"end":{"line":113,"column":1}},"loc":{"start":{"line":92,"column":7},"end":{"line":113,"column":1}},"line":92}},"f":{"0":28,"1":32,"2":32}}
,"D:\\___PROJETS\\essai\\project\\src\\completion\\marker.ts": {"path":"D:\\___PROJETS\\essai\\project\\src\\completion\\marker.ts","all":false,"statementMap":{"3":{"start":{"line":4,"column":0},"end":{"line":4,"column":27}},"10":{"start":{"line":11,"column":0},"end":{"line":11,"column":52}},"11":{"start":{"line":12,"column":0},"end":{"line":12,"column":36}},"14":{"start":{"line":15,"column":0},"end":{"line":15,"column":47}},"15":{"start":{"line":16,"column":0},"end":{"line":16,"column":26}},"16":{"start":{"line":17,"column":0},"end":{"line":17,"column":29}},"17":{"start":{"line":18,"column":0},"end":{"line":18,"column":34}},"18":{"start":{"line":19,"column":0},"end":{"line":19,"column":31}},"19":{"start":{"line":20,"column":0},"end":{"line":20,"column":23}},"20":{"start":{"line":21,"column":0},"end":{"line":21,"column":7}},"21":{"start":{"line":22,"column":0},"end":{"line":22,"column":5}},"22":{"start":{"line":23,"column":0},"end":{"line":23,"column":3}},"24":{"start":{"line":25,"column":0},"end":{"line":25,"column":12}},"25":{"start":{"line":26,"column":0},"end":{"line":26,"column":1}},"41":{"start":{"line":42,"column":0},"end":{"line":42,"column":67}},"42":{"start":{"line":43,"column":0},"end":{"line":43,"column":45}},"44":{"start":{"line":45,"column":0},"end":{"line":45,"column":33}},"45":{"start":{"line":46,"column":0},"end":{"line":46,"column":30}},"46":{"start":{"line":47,"column":0},"end":{"line":47,"column":3}},"48":{"start":{"line":49,"column":0},"end":{"line":49,"column":32}},"49":{"start":{"line":50,"column":0},"end":{"line":50,"column":1}}},"s":{"3":1,"10":31,"11":31,"14":31,"15":46,"16":46,"17":46,"18":46,"19":27,"20":27,"21":46,"22":46,"24":4,"25":4,"41":1,"42":31,"44":31,"45":15,"46":15,"48":16,"49":16},"branchMap":{"0":{"type":"branch","line":11,"loc":{"start":{"line":11,"column":0},"end":{"line":26,"column":1}},"locations":[{"start":{"line":11,"column":0},"end":{"line":26,"column":1}}]},"1":{"type":"branch","line":15,"loc":{"start":{"line":15,"column":46},"end":{"line":23,"column":3}},"locations":[{"start":{"line":15,"column":46},"end":{"line":23,"column":3}}]},"2":{"type":"branch","line":19,"loc":{"start":{"line":19,"column":30},"end":{"line":21,"column":7}},"locations":[{"start":{"line":19,"column":30},"end":{"line":21,"column":7}}]},"3":{"type":"branch","line":23,"loc":{"start":{"line":23,"column":2},"end":{"line":26,"column":1}},"locations":[{"start":{"line":23,"column":2},"end":{"line":26,"column":1}}]},"4":{"type":"branch","line":42,"loc":{"start":{"line":42,"column":7},"end":{"line":50,"column":1}},"locations":[{"start":{"line":42,"column":7},"end":{"line":50,"column":1}}]},"5":{"type":"branch","line":45,"loc":{"start":{"line":45,"column":32},"end":{"line":47,"column":3}},"locations":[{"start":{"line":45,"column":32},"end":{"line":47,"column":3}}]},"6":{"type":"branch","line":47,"loc":{"start":{"line":47,"column":2},"end":{"line":50,"column":1}},"locations":[{"start":{"line":47,"column":2},"end":{"line":50,"column":1}}]}},"b":{"0":[31],"1":[46],"2":[27],"3":[4],"4":[31],"5":[15],"6":[16]},"fnMap":{"0":{"name":"getLastNonEmptyLine","decl":{"start":{"line":11,"column":0},"end":{"line":26,"column":1}},"loc":{"start":{"line":11,"column":0},"end":{"line":26,"column":1}},"line":11},"1":{"name":"parseMarkerCompletion","decl":{"start":{"line":42,"column":7},"end":{"line":50,"column":1}},"loc":{"start":{"line":42,"column":7},"end":{"line":50,"column":1}},"line":42}},"f":{"0":31,"1":31}}
}
