{"D:\\___PROJETS\\essai\\project\\src\\cli.ts": {"path":"D:\\___PROJETS\\essai\\project\\src\\cli.ts","all":true,"statementMap":{"0":{"start":{"line":1,"column":0},"end":{"line":1,"column":19}},"6":{"start":{"line":7,"column":0},"end":{"line":7,"column":36}},"7":{"start":{"line":8,"column":0},"end":{"line":8,"column":47}},"8":{"start":{"line":9,"column":0},"end":{"line":9,"column":65}},"9":{"start":{"line":10,"column":0},"end":{"line":10,"column":61}},"10":{"start":{"line":11,"column":0},"end":{"line":11,"column":55}},"11":{"start":{"line":12,"column":0},"end":{"line":12,"column":57}},"16":{"start":{"line":17,"column":0},"end":{"line":17,"column":35}},"17":{"start":{"line":18,"column":0},"end":{"line":18,"column":32}},"19":{"start":{"line":20,"column":0},"end":{"line":20,"column":9}},"20":{"start":{"line":21,"column":0},"end":{"line":21,"column":19}},"21":{"start":{"line":22,"column":0},"end":{"line":22,"column":79}},"22":{"start":{"line":23,"column":0},"end":{"line":23,"column":60}},"23":{"start":{"line":24,"column":0},"end":{"line":24,"column":48}},"26":{"start":{"line":27,"column":0},"end":{"line":27,"column":35}},"27":{"start":{"line":28,"column":0},"end":{"line":28,"column":33}},"28":{"start":{"line":29,"column":0},"end":{"line":29,"column":30}},"29":{"start":{"line":30,"column":0},"end":{"line":30,"column":31}},"31":{"start":{"line":32,"column":0},"end":{"line":32,"column":17}},"32":{"start":{"line":33,"column":0},"end":{"line":33,"column":1}},"37":{"start":{"line":38,"column":0},"end":{"line":38,"column":23}},"38":{"start":{"line":39,"column":0},"end":{"line":39,"column":34}},"39":{"start":{"line":40,"column":0},"end":{"line":40,"column":30}},"40":{"start":{"line":41,"column":0},"end":{"line":41,"column":1}},"42":{"start":{"line":43,"column":0},"end":{"line":43,"column":7}}},"s":{"0":0,"6":0,"7":0,"8":0,"9":0,"10":0,"11":0,"16":0,"17":0,"19":0,"20":0,"21":0,"22":0,"23":0,"26":0,"27":0,"28":0,"29":0,"31":0,"32":0,"37":0,"38":0,"39":0,"40":0,"42":0},"branchMap":{"0":{"type":"branch","line":1,"loc":{"start":{"line":1,"column":0},"end":{"line":43,"column":-259}},"locations":[{"start":{"line":1,"column":0},"end":{"line":43,"column":-259}}]}},"b":{"0":[0]},"fnMap":{"0":{"name":"(empty-report)","decl":{"start":{"line":1,"column":0},"end":{"line":43,"column":-259}},"loc":{"start":{"line":1,"column":0},"end":{"line":43,"column":-259}},"line":1}},"f":{"0":0}}
,"D:\\___PROJETS\\essai\\project\\src\\index.ts": {"path":"D:\\___PROJETS\\essai\\project\\src\\index.ts","all":false,"statementMap":{"0":{"start":{"line":1,"column":0},"end":{"line":1,"column":3}},"9":{"start":{"line":10,"column":0},"end":{"line":10,"column":50}},"10":{"start":{"line":11,"column":0},"end":{"line":11,"column":38}},"15":{"start":{"line":16,"column":0},"end":{"line":16,"column":38}},"16":{"start":{"line":17,"column":0},"end":{"line":17,"column":60}},"17":{"start":{"line":18,"column":0},"end":{"line":18,"column":61}},"18":{"start":{"line":19,"column":0},"end":{"line":19,"column":21}},"19":{"start":{"line":20,"column":0},"end":{"line":20,"column":1}},"21":{"start":{"line":22,"column":0},"end":{"line":22,"column":43}},"22":{"start":{"line":23,"column":0},"end":{"line":23,"column":40}},"23":{"start":{"line":24,"column":0},"end":{"line":24,"column":33}}},"s":{"0":1,"9":1,"10":1,"15":1,"16":1,"17":1,"18":1,"19":1,"21":1,"22":1,"23":1},"branchMap":{"0":{"type":"branch","line":16,"loc":{"start":{"line":16,"column":0},"end":{"line":20,"column":1}},"locations":[{"start":{"line":16,"column":0},"end":{"line":20,"column":1}}]}},"b":{"0":[1]},"fnMap":{"0":{"name":"getPackageVersion","decl":{"start":{"line":16,"column":0},"end":{"line":20,"column":1}},"loc":{"start":{"line":16,"column":0},"end":{"line":20,"column":1}},"line":16}},"f":{"0":1}}
,"D:\\___PROJETS\\essai\\project\\src\\adapters\\codex.ts": {"path":"D:\\___PROJETS\\essai\\project\\src\\adapters\\codex.ts","all":false,"statementMap":{"0":{"start":{"line":1,"column":0},"end":{"line":1,"column":30}},"8":{"start":{"line":9,"column":0},"end":{"line":9,"column":26}},"9":{"start":{"line":10,"column":0},"end":{"line":10,"column":41}},"11":{"start":{"line":12,"column":0},"end":{"line":12,"column":69}},"12":{"start":{"line":13,"column":0},"end":{"line":13,"column":53}},"13":{"start":{"line":14,"column":0},"end":{"line":14,"column":1}},"15":{"start":{"line":16,"column":0},"end":{"line":16,"column":44}},"16":{"start":{"line":17,"column":0},"end":{"line":17,"column":55}},"17":{"start":{"line":18,"column":0},"end":{"line":18,"column":1}},"19":{"start":{"line":20,"column":0},"end":{"line":20,"column":56}},"20":{"start":{"line":21,"column":0},"end":{"line":21,"column":124}},"21":{"start":{"line":22,"column":0},"end":{"line":22,"column":11}},"22":{"start":{"line":23,"column":0},"end":{"line":23,"column":4}},"23":{"start":{"line":24,"column":0},"end":{"line":24,"column":1}},"25":{"start":{"line":26,"column":0},"end":{"line":26,"column":54}},"26":{"start":{"line":27,"column":0},"end":{"line":27,"column":170}},"27":{"start":{"line":28,"column":0},"end":{"line":28,"column":11}},"28":{"start":{"line":29,"column":0},"end":{"line":29,"column":4}},"29":{"start":{"line":30,"column":0},"end":{"line":30,"column":1}},"37":{"start":{"line":38,"column":0},"end":{"line":38,"column":23}},"38":{"start":{"line":39,"column":0},"end":{"line":39,"column":18}},"39":{"start":{"line":40,"column":0},"end":{"line":40,"column":17}},"40":{"start":{"line":41,"column":0},"end":{"line":41,"column":9}},"46":{"start":{"line":47,"column":0},"end":{"line":47,"column":24}},"47":{"start":{"line":48,"column":0},"end":{"line":48,"column":45}},"48":{"start":{"line":49,"column":0},"end":{"line":49,"column":18}},"49":{"start":{"line":50,"column":0},"end":{"line":50,"column":18}},"50":{"start":{"line":51,"column":0},"end":{"line":51,"column":18}},"51":{"start":{"line":52,"column":0},"end":{"line":52,"column":28}},"52":{"start":{"line":53,"column":0},"end":{"line":53,"column":22}},"53":{"start":{"line":54,"column":0},"end":{"line":54,"column":5}},"55":{"start":{"line":56,"column":0},"end":{"line":56,"column":10}},"56":{"start":{"line":57,"column":0},"end":{"line":57,"column":35}},"57":{"start":{"line":58,"column":0},"end":{"line":58,"column":32}},"58":{"start":{"line":59,"column":0},"end":{"line":59,"column":32}},"59":{"start":{"line":60,"column":0},"end":{"line":60,"column":4}},"60":{"start":{"line":61,"column":0},"end":{"line":61,"column":1}},"62":{"start":{"line":63,"column":0},"end":{"line":63,"column":45}},"66":{"start":{"line":67,"column":0},"end":{"line":67,"column":3}},"67":{"start":{"line":68,"column":0},"end":{"line":68,"column":7}},"68":{"start":{"line":69,"column":0},"end":{"line":69,"column":63}},"69":{"start":{"line":70,"column":0},"end":{"line":70,"column":55}},"71":{"start":{"line":72,"column":0},"end":{"line":72,"column":27}},"72":{"start":{"line":73,"column":0},"end":{"line":73,"column":35}},"73":{"start":{"line":74,"column":0},"end":{"line":74,"column":5}},"75":{"start":{"line":76,"column":0},"end":{"line":76,"column":41}},"76":{"start":{"line":77,"column":0},"end":{"line":77,"column":60}},"77":{"start":{"line":78,"column":0},"end":{"line":78,"column":5}},"81":{"start":{"line":82,"column":0},"end":{"line":82,"column":39}},"82":{"start":{"line":83,"column":0},"end":{"line":83,"column":73}},"83":{"start":{"line":84,"column":0},"end":{"line":84,"column":5}},"87":{"start":{"line":88,"column":0},"end":{"line":88,"column":12}},"88":{"start":{"line":89,"column":0},"end":{"line":89,"column":24}},"89":{"start":{"line":90,"column":0},"end":{"line":90,"column":52}},"90":{"start":{"line":91,"column":0},"end":{"line":91,"column":6}},"91":{"start":{"line":92,"column":0},"end":{"line":92,"column":19}},"92":{"start":{"line":93,"column":0},"end":{"line":93,"column":26}},"93":{"start":{"line":94,"column":0},"end":{"line":94,"column":73}},"94":{"start":{"line":95,"column":0},"end":{"line":95,"column":5}},"96":{"start":{"line":97,"column":0},"end":{"line":97,"column":75}},"97":{"start":{"line":98,"column":0},"end":{"line":98,"column":49}},"98":{"start":{"line":99,"column":0},"end":{"line":99,"column":3}},"99":{"start":{"line":100,"column":0},"end":{"line":100,"column":1}},"101":{"start":{"line":102,"column":0},"end":{"line":102,"column":46}},"102":{"start":{"line":103,"column":0},"end":{"line":103,"column":40}},"104":{"start":{"line":105,"column":0},"end":{"line":105,"column":53}},"105":{"start":{"line":106,"column":0},"end":{"line":106,"column":48}},"107":{"start":{"line":108,"column":0},"end":{"line":108,"column":28}},"108":{"start":{"line":109,"column":0},"end":{"line":109,"column":21}},"109":{"start":{"line":110,"column":0},"end":{"line":110,"column":64}},"110":{"start":{"line":111,"column":0},"end":{"line":111,"column":29}},"111":{"start":{"line":112,"column":0},"end":{"line":112,"column":72}},"112":{"start":{"line":113,"column":0},"end":{"line":113,"column":23}},"113":{"start":{"line":114,"column":0},"end":{"line":114,"column":31}},"114":{"start":{"line":115,"column":0},"end":{"line":115,"column":62}},"115":{"start":{"line":116,"column":0},"end":{"line":116,"column":36}},"116":{"start":{"line":117,"column":0},"end":{"line":117,"column":5}},"117":{"start":{"line":118,"column":0},"end":{"line":118,"column":3}},"119":{"start":{"line":120,"column":0},"end":{"line":120,"column":74}},"120":{"start":{"line":121,"column":0},"end":{"line":121,"column":48}},"122":{"start":{"line":123,"column":0},"end":{"line":123,"column":48}},"124":{"start":{"line":125,"column":0},"end":{"line":125,"column":40}},"126":{"start":{"line":127,"column":0},"end":{"line":127,"column":46}},"127":{"start":{"line":128,"column":0},"end":{"line":128,"column":22}},"128":{"start":{"line":129,"column":0},"end":{"line":129,"column":12}},"129":{"start":{"line":130,"column":0},"end":{"line":130,"column":34}},"130":{"start":{"line":131,"column":0},"end":{"line":131,"column":27}},"131":{"start":{"line":132,"column":0},"end":{"line":132,"column":9}},"133":{"start":{"line":134,"column":0},"end":{"line":134,"column":14}},"134":{"start":{"line":135,"column":0},"end":{"line":135,"column":29}},"135":{"start":{"line":136,"column":0},"end":{"line":136,"column":52}},"136":{"start":{"line":137,"column":0},"end":{"line":137,"column":15}},"137":{"start":{"line":138,"column":0},"end":{"line":138,"column":8}},"138":{"start":{"line":139,"column":0},"end":{"line":139,"column":5}},"140":{"start":{"line":141,"column":0},"end":{"line":141,"column":12}},"141":{"start":{"line":142,"column":0},"end":{"line":142,"column":60}},"142":{"start":{"line":143,"column":0},"end":{"line":143,"column":61}},"143":{"start":{"line":144,"column":0},"end":{"line":144,"column":20}},"144":{"start":{"line":145,"column":0},"end":{"line":145,"column":6}},"145":{"start":{"line":146,"column":0},"end":{"line":146,"column":3}},"146":{"start":{"line":147,"column":0},"end":{"line":147,"column":1}}},"s":{"0":1,"8":1,"9":1,"11":1,"12":1,"13":1,"15":1,"16":1,"17":1,"19":2,"20":2,"21":2,"22":2,"23":2,"25":1,"26":1,"27":1,"28":1,"29":1,"37":6,"38":6,"39":6,"40":6,"46":6,"47":6,"48":6,"49":6,"50":6,"51":6,"52":6,"53":6,"55":5,"56":6,"57":6,"58":6,"59":6,"60":6,"62":5,"66":5,"67":5,"68":5,"69":4,"71":5,"72":2,"73":2,"75":5,"76":1,"77":1,"81":1,"82":1,"83":1,"87":0,"88":0,"89":0,"90":5,"91":5,"92":1,"93":1,"94":1,"96":1,"97":1,"98":1,"99":5,"101":1,"102":1,"104":1,"105":4,"107":4,"108":4,"109":2,"110":4,"111":1,"112":4,"113":1,"114":0,"115":1,"116":4,"117":4,"119":1,"120":1,"122":1,"124":1,"126":1,"127":1,"128":1,"129":1,"130":1,"131":1,"133":1,"134":1,"135":1,"136":1,"137":1,"138":1,"140":0,"141":1,"142":1,"143":1,"144":1,"145":1,"146":1},"branchMap":{"0":{"type":"branch","line":12,"loc":{"start":{"line":12,"column":0},"end":{"line":14,"column":1}},"locations":[{"start":{"line":12,"column":0},"end":{"line":14,"column":1}}]},"1":{"type":"branch","line":16,"loc":{"start":{"line":16,"column":0},"end":{"line":18,"column":1}},"locations":[{"start":{"line":16,"column":0},"end":{"line":18,"column":1}}]},"2":{"type":"branch","line":20,"loc":{"start":{"line":20,"column":0},"end":{"line":24,"column":1}},"locations":[{"start":{"line":20,"column":0},"end":{"line":24,"column":1}}]},"3":{"type":"branch","line":26,"loc":{"start":{"line":26,"column":0},"end":{"line":30,"column":1}},"locations":[{"start":{"line":26,"column":0},"end":{"line":30,"column":1}}]},"4":{"type":"branch","line":38,"loc":{"start":{"line":38,"column":0},"end":{"line":61,"column":1}},"locations":[{"start":{"line":38,"column":0},"end":{"line":61,"column":1}}]},"5":{"type":"branch","line":54,"loc":{"start":{"line":54,"column":3},"end":{"line":57,"column":33}},"locations":[{"start":{"line":54,"column":3},"end":{"line":57,"column":33}}]},"6":{"type":"branch","line":57,"loc":{"start":{"line":57,"column":21},"end":{"line":57,"column":35}},"locations":[{"start":{"line":57,"column":21},"end":{"line":57,"column":35}}]},"7":{"type":"branch","line":58,"loc":{"start":{"line":58,"column":19},"end":{"line":58,"column":32}},"locations":[{"start":{"line":58,"column":19},"end":{"line":58,"column":32}}]},"8":{"type":"branch","line":59,"loc":{"start":{"line":59,"column":19},"end":{"line":59,"column":32}},"locations":[{"start":{"line":59,"column":19},"end":{"line":59,"column":32}}]},"9":{"type":"branch","line":63,"loc":{"start":{"line":63,"column":0},"end":{"line":100,"column":1}},"locations":[{"start":{"line":63,"column":0},"end":{"line":100,"column":1}}]},"10":{"type":"branch","line":69,"loc":{"start":{"line":69,"column":61},"end":{"line":72,"column":26}},"locations":[{"start":{"line":69,"column":61},"end":{"line":72,"column":26}}]},"11":{"type":"branch","line":72,"loc":{"start":{"line":72,"column":26},"end":{"line":76,"column":40}},"locations":[{"start":{"line":72,"column":26},"end":{"line":76,"column":40}}]},"12":{"type":"branch","line":76,"loc":{"start":{"line":76,"column":40},"end":{"line":84,"column":5}},"locations":[{"start":{"line":76,"column":40},"end":{"line":84,"column":5}}]},"13":{"type":"branch","line":84,"loc":{"start":{"line":84,"column":4},"end":{"line":90,"column":52}},"locations":[{"start":{"line":84,"column":4},"end":{"line":90,"column":52}}]},"14":{"type":"branch","line":92,"loc":{"start":{"line":92,"column":2},"end":{"line":99,"column":3}},"locations":[{"start":{"line":92,"column":2},"end":{"line":99,"column":3}}]},"15":{"type":"branch","line":95,"loc":{"start":{"line":95,"column":4},"end":{"line":97,"column":61}},"locations":[{"start":{"line":95,"column":4},"end":{"line":97,"column":61}}]},"16":{"type":"branch","line":97,"loc":{"start":{"line":97,"column":51},"end":{"line":97,"column":75}},"locations":[{"start":{"line":97,"column":51},"end":{"line":97,"column":75}}]},"17":{"type":"branch","line":103,"loc":{"start":{"line":103,"column":18},"end":{"line":103,"column":40}},"locations":[{"start":{"line":103,"column":18},"end":{"line":103,"column":40}}]},"18":{"type":"branch","line":105,"loc":{"start":{"line":105,"column":2},"end":{"line":118,"column":3}},"locations":[{"start":{"line":105,"column":2},"end":{"line":118,"column":3}}]},"19":{"type":"branch","line":109,"loc":{"start":{"line":109,"column":6},"end":{"line":110,"column":64}},"locations":[{"start":{"line":109,"column":6},"end":{"line":110,"column":64}}]},"20":{"type":"branch","line":111,"loc":{"start":{"line":111,"column":6},"end":{"line":112,"column":72}},"locations":[{"start":{"line":111,"column":6},"end":{"line":112,"column":72}}]},"21":{"type":"branch","line":113,"loc":{"start":{"line":113,"column":6},"end":{"line":116,"column":36}},"locations":[{"start":{"line":113,"column":6},"end":{"line":116,"column":36}}]},"22":{"type":"branch","line":114,"loc":{"start":{"line":114,"column":24},"end":{"line":115,"column":62}},"locations":[{"start":{"line":114,"column":24},"end":{"line":115,"column":62}}]},"23":{"type":"branch","line":120,"loc":{"start":{"line":120,"column":2},"end":{"line":146,"column":3}},"locations":[{"start":{"line":120,"column":2},"end":{"line":146,"column":3}}]},"24":{"type":"branch","line":136,"loc":{"start":{"line":136,"column":34},"end":{"line":136,"column":52}},"locations":[{"start":{"line":136,"column":34},"end":{"line":136,"column":52}}]},"25":{"type":"branch","line":139,"loc":{"start":{"line":139,"column":4},"end":{"line":142,"column":58}},"locations":[{"start":{"line":139,"column":4},"end":{"line":142,"column":58}}]},"26":{"type":"branch","line":142,"loc":{"start":{"line":142,"column":54},"end":{"line":142,"column":60}},"locations":[{"start":{"line":142,"column":54},"end":{"line":142,"column":60}}]},"27":{"type":"branch","line":143,"loc":{"start":{"line":143,"column":21},"end":{"line":143,"column":61}},"locations":[{"start":{"line":143,"column":21},"end":{"line":143,"column":61}}]}},"b":{"0":[1],"1":[1],"2":[2],"3":[1],"4":[6],"5":[5],"6":[0],"7":[0],"8":[0],"9":[5],"10":[4],"11":[2],"12":[1],"13":[0],"14":[1],"15":[0],"16":[0],"17":[6],"18":[4],"19":[2],"20":[1],"21":[1],"22":[0],"23":[1],"24":[0],"25":[0],"26":[0],"27":[0]},"fnMap":{"0":{"name":"isRecord","decl":{"start":{"line":12,"column":0},"end":{"line":14,"column":1}},"loc":{"start":{"line":12,"column":0},"end":{"line":14,"column":1}},"line":12},"1":{"name":"isEnoent","decl":{"start":{"line":16,"column":0},"end":{"line":18,"column":1}},"loc":{"start":{"line":16,"column":0},"end":{"line":18,"column":1}},"line":16},"2":{"name":"looksUnauthenticated","decl":{"start":{"line":20,"column":0},"end":{"line":24,"column":1}},"loc":{"start":{"line":20,"column":0},"end":{"line":24,"column":1}},"line":20},"3":{"name":"looksMissingBinary","decl":{"start":{"line":26,"column":0},"end":{"line":30,"column":1}},"loc":{"start":{"line":26,"column":0},"end":{"line":30,"column":1}},"line":26},"4":{"name":"tryExec","decl":{"start":{"line":38,"column":0},"end":{"line":61,"column":1}},"loc":{"start":{"line":38,"column":0},"end":{"line":61,"column":1}},"line":38},"5":{"name":"detectAvailability","decl":{"start":{"line":63,"column":0},"end":{"line":100,"column":1}},"loc":{"start":{"line":63,"column":0},"end":{"line":100,"column":1}},"line":63},"6":{"name":"<instance_members_initializer>","decl":{"start":{"line":103,"column":18},"end":{"line":103,"column":40}},"loc":{"start":{"line":103,"column":18},"end":{"line":103,"column":40}},"line":103},"7":{"name":"isAvailable","decl":{"start":{"line":105,"column":2},"end":{"line":118,"column":3}},"loc":{"start":{"line":105,"column":2},"end":{"line":118,"column":3}},"line":105},"8":{"name":"runOnce","decl":{"start":{"line":120,"column":2},"end":{"line":146,"column":3}},"loc":{"start":{"line":120,"column":2},"end":{"line":146,"column":3}},"line":120}},"f":{"0":1,"1":1,"2":2,"3":1,"4":6,"5":5,"6":6,"7":4,"8":1}}
,"D:\\___PROJETS\\essai\\project\\src\\adapters\\copilot.ts": {"path":"D:\\___PROJETS\\essai\\project\\src\\adapters\\copilot.ts","all":false,"statementMap":{"0":{"start":{"line":1,"column":0},"end":{"line":1,"column":30}},"8":{"start":{"line":9,"column":0},"end":{"line":9,"column":30}},"9":{"start":{"line":10,"column":0},"end":{"line":10,"column":43}},"11":{"start":{"line":12,"column":0},"end":{"line":12,"column":69}},"12":{"start":{"line":13,"column":0},"end":{"line":13,"column":53}},"13":{"start":{"line":14,"column":0},"end":{"line":14,"column":1}},"15":{"start":{"line":16,"column":0},"end":{"line":16,"column":44}},"16":{"start":{"line":17,"column":0},"end":{"line":17,"column":55}},"17":{"start":{"line":18,"column":0},"end":{"line":18,"column":1}},"19":{"start":{"line":20,"column":0},"end":{"line":20,"column":56}},"20":{"start":{"line":21,"column":0},"end":{"line":21,"column":89}},"21":{"start":{"line":22,"column":0},"end":{"line":22,"column":11}},"22":{"start":{"line":23,"column":0},"end":{"line":23,"column":4}},"23":{"start":{"line":24,"column":0},"end":{"line":24,"column":1}},"31":{"start":{"line":32,"column":0},"end":{"line":32,"column":23}},"32":{"start":{"line":33,"column":0},"end":{"line":33,"column":18}},"33":{"start":{"line":34,"column":0},"end":{"line":34,"column":17}},"34":{"start":{"line":35,"column":0},"end":{"line":35,"column":9}},"39":{"start":{"line":40,"column":0},"end":{"line":40,"column":24}},"40":{"start":{"line":41,"column":0},"end":{"line":41,"column":45}},"41":{"start":{"line":42,"column":0},"end":{"line":42,"column":18}},"42":{"start":{"line":43,"column":0},"end":{"line":43,"column":18}},"43":{"start":{"line":44,"column":0},"end":{"line":44,"column":18}},"44":{"start":{"line":45,"column":0},"end":{"line":45,"column":28}},"45":{"start":{"line":46,"column":0},"end":{"line":46,"column":5}},"47":{"start":{"line":48,"column":0},"end":{"line":48,"column":10}},"48":{"start":{"line":49,"column":0},"end":{"line":49,"column":35}},"49":{"start":{"line":50,"column":0},"end":{"line":50,"column":32}},"50":{"start":{"line":51,"column":0},"end":{"line":51,"column":32}},"51":{"start":{"line":52,"column":0},"end":{"line":52,"column":4}},"52":{"start":{"line":53,"column":0},"end":{"line":53,"column":1}},"54":{"start":{"line":55,"column":0},"end":{"line":55,"column":40}},"58":{"start":{"line":59,"column":0},"end":{"line":59,"column":3}},"59":{"start":{"line":60,"column":0},"end":{"line":60,"column":7}},"60":{"start":{"line":61,"column":0},"end":{"line":61,"column":67}},"61":{"start":{"line":62,"column":0},"end":{"line":62,"column":55}},"63":{"start":{"line":64,"column":0},"end":{"line":64,"column":27}},"64":{"start":{"line":65,"column":0},"end":{"line":65,"column":33}},"65":{"start":{"line":66,"column":0},"end":{"line":66,"column":5}},"67":{"start":{"line":68,"column":0},"end":{"line":68,"column":41}},"68":{"start":{"line":69,"column":0},"end":{"line":69,"column":60}},"69":{"start":{"line":70,"column":0},"end":{"line":70,"column":5}},"71":{"start":{"line":72,"column":0},"end":{"line":72,"column":12}},"72":{"start":{"line":73,"column":0},"end":{"line":73,"column":22}},"73":{"start":{"line":74,"column":0},"end":{"line":74,"column":52}},"74":{"start":{"line":75,"column":0},"end":{"line":75,"column":6}},"75":{"start":{"line":76,"column":0},"end":{"line":76,"column":19}},"76":{"start":{"line":77,"column":0},"end":{"line":77,"column":26}},"77":{"start":{"line":78,"column":0},"end":{"line":78,"column":14}},"78":{"start":{"line":79,"column":0},"end":{"line":79,"column":24}},"79":{"start":{"line":80,"column":0},"end":{"line":80,"column":49}},"80":{"start":{"line":81,"column":0},"end":{"line":81,"column":8}},"81":{"start":{"line":82,"column":0},"end":{"line":82,"column":5}},"82":{"start":{"line":83,"column":0},"end":{"line":83,"column":75}},"83":{"start":{"line":84,"column":0},"end":{"line":84,"column":49}},"84":{"start":{"line":85,"column":0},"end":{"line":85,"column":3}},"85":{"start":{"line":86,"column":0},"end":{"line":86,"column":1}},"87":{"start":{"line":88,"column":0},"end":{"line":88,"column":48}},"88":{"start":{"line":89,"column":0},"end":{"line":89,"column":42}},"90":{"start":{"line":91,"column":0},"end":{"line":91,"column":53}},"91":{"start":{"line":92,"column":0},"end":{"line":92,"column":43}},"93":{"start":{"line":94,"column":0},"end":{"line":94,"column":28}},"94":{"start":{"line":95,"column":0},"end":{"line":95,"column":21}},"95":{"start":{"line":96,"column":0},"end":{"line":96,"column":64}},"96":{"start":{"line":97,"column":0},"end":{"line":97,"column":29}},"97":{"start":{"line":98,"column":0},"end":{"line":98,"column":72}},"98":{"start":{"line":99,"column":0},"end":{"line":99,"column":21}},"99":{"start":{"line":100,"column":0},"end":{"line":100,"column":31}},"100":{"start":{"line":101,"column":0},"end":{"line":101,"column":62}},"101":{"start":{"line":102,"column":0},"end":{"line":102,"column":36}},"102":{"start":{"line":103,"column":0},"end":{"line":103,"column":5}},"103":{"start":{"line":104,"column":0},"end":{"line":104,"column":3}},"105":{"start":{"line":106,"column":0},"end":{"line":106,"column":74}},"106":{"start":{"line":107,"column":0},"end":{"line":107,"column":43}},"108":{"start":{"line":109,"column":0},"end":{"line":109,"column":48}},"110":{"start":{"line":111,"column":0},"end":{"line":111,"column":38}},"113":{"start":{"line":114,"column":0},"end":{"line":114,"column":71}},"114":{"start":{"line":115,"column":0},"end":{"line":115,"column":22}},"115":{"start":{"line":116,"column":0},"end":{"line":116,"column":12}},"116":{"start":{"line":117,"column":0},"end":{"line":117,"column":34}},"117":{"start":{"line":118,"column":0},"end":{"line":118,"column":9}},"119":{"start":{"line":120,"column":0},"end":{"line":120,"column":14}},"120":{"start":{"line":121,"column":0},"end":{"line":121,"column":29}},"121":{"start":{"line":122,"column":0},"end":{"line":122,"column":52}},"122":{"start":{"line":123,"column":0},"end":{"line":123,"column":15}},"123":{"start":{"line":124,"column":0},"end":{"line":124,"column":8}},"124":{"start":{"line":125,"column":0},"end":{"line":125,"column":5}},"127":{"start":{"line":128,"column":0},"end":{"line":128,"column":12}},"128":{"start":{"line":129,"column":0},"end":{"line":129,"column":60}},"129":{"start":{"line":130,"column":0},"end":{"line":130,"column":63}},"130":{"start":{"line":131,"column":0},"end":{"line":131,"column":20}},"131":{"start":{"line":132,"column":0},"end":{"line":132,"column":6}},"132":{"start":{"line":133,"column":0},"end":{"line":133,"column":3}},"133":{"start":{"line":134,"column":0},"end":{"line":134,"column":1}}},"s":{"0":1,"8":1,"9":1,"11":1,"12":1,"13":1,"15":1,"16":1,"17":1,"19":1,"20":1,"21":1,"22":1,"23":1,"31":5,"32":5,"33":5,"34":5,"39":5,"40":5,"41":5,"42":5,"43":5,"44":5,"45":5,"47":4,"48":5,"49":5,"50":5,"51":5,"52":5,"54":4,"58":4,"59":4,"60":4,"61":3,"63":4,"64":2,"65":2,"67":1,"68":1,"69":1,"71":0,"72":0,"73":0,"74":4,"75":4,"76":1,"77":1,"78":1,"79":1,"80":1,"81":1,"82":1,"83":1,"84":1,"85":4,"87":1,"88":1,"90":1,"91":3,"93":3,"94":3,"95":1,"96":3,"97":1,"98":3,"99":1,"100":0,"101":1,"102":3,"103":3,"105":1,"106":1,"108":1,"110":1,"113":1,"114":1,"115":1,"116":1,"117":1,"119":1,"120":1,"121":1,"122":1,"123":1,"124":1,"127":0,"128":1,"129":1,"130":1,"131":1,"132":1,"133":1},"branchMap":{"0":{"type":"branch","line":12,"loc":{"start":{"line":12,"column":0},"end":{"line":14,"column":1}},"locations":[{"start":{"line":12,"column":0},"end":{"line":14,"column":1}}]},"1":{"type":"branch","line":16,"loc":{"start":{"line":16,"column":0},"end":{"line":18,"column":1}},"locations":[{"start":{"line":16,"column":0},"end":{"line":18,"column":1}}]},"2":{"type":"branch","line":20,"loc":{"start":{"line":20,"column":0},"end":{"line":24,"column":1}},"locations":[{"start":{"line":20,"column":0},"end":{"line":24,"column":1}}]},"3":{"type":"branch","line":32,"loc":{"start":{"line":32,"column":0},"end":{"line":53,"column":1}},"locations":[{"start":{"line":32,"column":0},"end":{"line":53,"column":1}}]},"4":{"type":"branch","line":46,"loc":{"start":{"line":46,"column":3},"end":{"line":49,"column":33}},"locations":[{"start":{"line":46,"column":3},"end":{"line":49,"column":33}}]},"5":{"type":"branch","line":49,"loc":{"start":{"line":49,"column":21},"end":{"line":49,"column":35}},"locations":[{"start":{"line":49,"column":21},"end":{"line":49,"column":35}}]},"6":{"type":"branch","line":50,"loc":{"start":{"line":50,"column":19},"end":{"line":50,"column":32}},"locations":[{"start":{"line":50,"column":19},"end":{"line":50,"column":32}}]},"7":{"type":"branch","line":51,"loc":{"start":{"line":51,"column":19},"end":{"line":51,"column":32}},"locations":[{"start":{"line":51,"column":19},"end":{"line":51,"column":32}}]},"8":{"type":"branch","line":55,"loc":{"start":{"line":55,"column":0},"end":{"line":86,"column":1}},"locations":[{"start":{"line":55,"column":0},"end":{"line":86,"column":1}}]},"9":{"type":"branch","line":61,"loc":{"start":{"line":61,"column":65},"end":{"line":64,"column":26}},"locations":[{"start":{"line":61,"column":65},"end":{"line":64,"column":26}}]},"10":{"type":"branch","line":64,"loc":{"start":{"line":64,"column":26},"end":{"line":66,"column":5}},"locations":[{"start":{"line":64,"column":26},"end":{"line":66,"column":5}}]},"11":{"type":"branch","line":66,"loc":{"start":{"line":66,"column":4},"end":{"line":70,"column":5}},"locations":[{"start":{"line":66,"column":4},"end":{"line":70,"column":5}}]},"12":{"type":"branch","line":70,"loc":{"start":{"line":70,"column":4},"end":{"line":74,"column":52}},"locations":[{"start":{"line":70,"column":4},"end":{"line":74,"column":52}}]},"13":{"type":"branch","line":76,"loc":{"start":{"line":76,"column":2},"end":{"line":85,"column":3}},"locations":[{"start":{"line":76,"column":2},"end":{"line":85,"column":3}}]},"14":{"type":"branch","line":82,"loc":{"start":{"line":82,"column":4},"end":{"line":83,"column":61}},"locations":[{"start":{"line":82,"column":4},"end":{"line":83,"column":61}}]},"15":{"type":"branch","line":83,"loc":{"start":{"line":83,"column":51},"end":{"line":83,"column":75}},"locations":[{"start":{"line":83,"column":51},"end":{"line":83,"column":75}}]},"16":{"type":"branch","line":89,"loc":{"start":{"line":89,"column":18},"end":{"line":89,"column":42}},"locations":[{"start":{"line":89,"column":18},"end":{"line":89,"column":42}}]},"17":{"type":"branch","line":91,"loc":{"start":{"line":91,"column":2},"end":{"line":104,"column":3}},"locations":[{"start":{"line":91,"column":2},"end":{"line":104,"column":3}}]},"18":{"type":"branch","line":95,"loc":{"start":{"line":95,"column":6},"end":{"line":96,"column":64}},"locations":[{"start":{"line":95,"column":6},"end":{"line":96,"column":64}}]},"19":{"type":"branch","line":97,"loc":{"start":{"line":97,"column":6},"end":{"line":98,"column":72}},"locations":[{"start":{"line":97,"column":6},"end":{"line":98,"column":72}}]},"20":{"type":"branch","line":99,"loc":{"start":{"line":99,"column":6},"end":{"line":102,"column":36}},"locations":[{"start":{"line":99,"column":6},"end":{"line":102,"column":36}}]},"21":{"type":"branch","line":100,"loc":{"start":{"line":100,"column":24},"end":{"line":101,"column":62}},"locations":[{"start":{"line":100,"column":24},"end":{"line":101,"column":62}}]},"22":{"type":"branch","line":106,"loc":{"start":{"line":106,"column":2},"end":{"line":133,"column":3}},"locations":[{"start":{"line":106,"column":2},"end":{"line":133,"column":3}}]},"23":{"type":"branch","line":122,"loc":{"start":{"line":122,"column":34},"end":{"line":122,"column":52}},"locations":[{"start":{"line":122,"column":34},"end":{"line":122,"column":52}}]},"24":{"type":"branch","line":125,"loc":{"start":{"line":125,"column":4},"end":{"line":129,"column":58}},"locations":[{"start":{"line":125,"column":4},"end":{"line":129,"column":58}}]},"25":{"type":"branch","line":129,"loc":{"start":{"line":129,"column":54},"end":{"line":129,"column":60}},"locations":[{"start":{"line":129,"column":54},"end":{"line":129,"column":60}}]},"26":{"type":"branch","line":130,"loc":{"start":{"line":130,"column":21},"end":{"line":130,"column":63}},"locations":[{"start":{"line":130,"column":21},"end":{"line":130,"column":63}}]}},"b":{"0":[1],"1":[1],"2":[1],"3":[5],"4":[4],"5":[0],"6":[0],"7":[0],"8":[4],"9":[3],"10":[2],"11":[1],"12":[0],"13":[1],"14":[0],"15":[0],"16":[5],"17":[3],"18":[1],"19":[1],"20":[1],"21":[0],"22":[1],"23":[0],"24":[0],"25":[0],"26":[0]},"fnMap":{"0":{"name":"isRecord","decl":{"start":{"line":12,"column":0},"end":{"line":14,"column":1}},"loc":{"start":{"line":12,"column":0},"end":{"line":14,"column":1}},"line":12},"1":{"name":"isEnoent","decl":{"start":{"line":16,"column":0},"end":{"line":18,"column":1}},"loc":{"start":{"line":16,"column":0},"end":{"line":18,"column":1}},"line":16},"2":{"name":"looksUnauthenticated","decl":{"start":{"line":20,"column":0},"end":{"line":24,"column":1}},"loc":{"start":{"line":20,"column":0},"end":{"line":24,"column":1}},"line":20},"3":{"name":"tryExec","decl":{"start":{"line":32,"column":0},"end":{"line":53,"column":1}},"loc":{"start":{"line":32,"column":0},"end":{"line":53,"column":1}},"line":32},"4":{"name":"detectBackend","decl":{"start":{"line":55,"column":0},"end":{"line":86,"column":1}},"loc":{"start":{"line":55,"column":0},"end":{"line":86,"column":1}},"line":55},"5":{"name":"<instance_members_initializer>","decl":{"start":{"line":89,"column":18},"end":{"line":89,"column":42}},"loc":{"start":{"line":89,"column":18},"end":{"line":89,"column":42}},"line":89},"6":{"name":"isAvailable","decl":{"start":{"line":91,"column":2},"end":{"line":104,"column":3}},"loc":{"start":{"line":91,"column":2},"end":{"line":104,"column":3}},"line":91},"7":{"name":"runOnce","decl":{"start":{"line":106,"column":2},"end":{"line":133,"column":3}},"loc":{"start":{"line":106,"column":2},"end":{"line":133,"column":3}},"line":106}},"f":{"0":1,"1":1,"2":1,"3":5,"4":4,"5":5,"6":3,"7":1}}
,"D:\\___PROJETS\\essai\\project\\src\\adapters\\registry.ts": {"path":"D:\\___PROJETS\\essai\\project\\src\\adapters\\registry.ts","all":false,"statementMap":{"0":{"start":{"line":1,"column":0},"end":{"line":1,"column":13}},"10":{"start":{"line":11,"column":0},"end":{"line":11,"column":21}},"11":{"start":{"line":12,"column":0},"end":{"line":12,"column":12}},"12":{"start":{"line":13,"column":0},"end":{"line":13,"column":10}},"13":{"start":{"line":14,"column":0},"end":{"line":14,"column":11}},"14":{"start":{"line":15,"column":0},"end":{"line":15,"column":42}},"16":{"start":{"line":17,"column":0},"end":{"line":17,"column":51}},"17":{"start":{"line":18,"column":0},"end":{"line":18,"column":57}},"18":{"start":{"line":19,"column":0},"end":{"line":19,"column":1}},"20":{"start":{"line":21,"column":0},"end":{"line":21,"column":51}},"21":{"start":{"line":22,"column":0},"end":{"line":22,"column":41}},"23":{"start":{"line":24,"column":0},"end":{"line":24,"column":53}},"24":{"start":{"line":25,"column":0},"end":{"line":25,"column":73}},"25":{"start":{"line":26,"column":0},"end":{"line":26,"column":3}},"27":{"start":{"line":28,"column":0},"end":{"line":28,"column":75}},"28":{"start":{"line":29,"column":0},"end":{"line":29,"column":12}},"29":{"start":{"line":30,"column":0},"end":{"line":30,"column":19}},"30":{"start":{"line":31,"column":0},"end":{"line":31,"column":48}},"31":{"start":{"line":32,"column":0},"end":{"line":32,"column":35}},"32":{"start":{"line":33,"column":0},"end":{"line":33,"column":6}},"33":{"start":{"line":34,"column":0},"end":{"line":34,"column":3}},"34":{"start":{"line":35,"column":0},"end":{"line":35,"column":1}},"36":{"start":{"line":37,"column":0},"end":{"line":37,"column":79}},"37":{"start":{"line":38,"column":0},"end":{"line":38,"column":36}},"38":{"start":{"line":39,"column":0},"end":{"line":39,"column":32}},"39":{"start":{"line":40,"column":0},"end":{"line":40,"column":45}},"40":{"start":{"line":41,"column":0},"end":{"line":41,"column":3}},"42":{"start":{"line":43,"column":0},"end":{"line":43,"column":51}},"43":{"start":{"line":44,"column":0},"end":{"line":44,"column":39}},"44":{"start":{"line":45,"column":0},"end":{"line":45,"column":1}},"46":{"start":{"line":47,"column":0},"end":{"line":47,"column":56}},"47":{"start":{"line":48,"column":0},"end":{"line":48,"column":35}},"48":{"start":{"line":49,"column":0},"end":{"line":49,"column":17}},"50":{"start":{"line":51,"column":0},"end":{"line":51,"column":49}},"51":{"start":{"line":52,"column":0},"end":{"line":52,"column":3}},"52":{"start":{"line":53,"column":0},"end":{"line":53,"column":17}},"53":{"start":{"line":54,"column":0},"end":{"line":54,"column":1}},"55":{"start":{"line":56,"column":0},"end":{"line":56,"column":63}},"56":{"start":{"line":57,"column":0},"end":{"line":57,"column":25}},"57":{"start":{"line":58,"column":0},"end":{"line":58,"column":16}},"58":{"start":{"line":59,"column":0},"end":{"line":59,"column":3}},"60":{"start":{"line":61,"column":0},"end":{"line":61,"column":34}},"61":{"start":{"line":62,"column":0},"end":{"line":62,"column":1}}},"s":{"0":1,"10":1,"11":1,"12":1,"13":1,"14":1,"16":1,"17":1,"18":1,"20":1,"21":1,"23":1,"24":1,"25":1,"27":1,"28":1,"29":1,"30":1,"31":1,"32":1,"33":1,"34":1,"36":1,"37":1,"38":1,"39":1,"40":1,"42":1,"43":1,"44":1,"46":1,"47":3,"48":3,"50":0,"51":0,"52":3,"53":3,"55":1,"56":1,"57":1,"58":1,"60":0,"61":1},"branchMap":{"0":{"type":"branch","line":17,"loc":{"start":{"line":17,"column":0},"end":{"line":19,"column":1}},"locations":[{"start":{"line":17,"column":0},"end":{"line":19,"column":1}}]},"1":{"type":"branch","line":22,"loc":{"start":{"line":22,"column":18},"end":{"line":22,"column":41}},"locations":[{"start":{"line":22,"column":18},"end":{"line":22,"column":41}}]},"2":{"type":"branch","line":24,"loc":{"start":{"line":24,"column":2},"end":{"line":26,"column":3}},"locations":[{"start":{"line":24,"column":2},"end":{"line":26,"column":3}}]},"3":{"type":"branch","line":28,"loc":{"start":{"line":28,"column":2},"end":{"line":34,"column":3}},"locations":[{"start":{"line":28,"column":2},"end":{"line":34,"column":3}}]},"4":{"type":"branch","line":43,"loc":{"start":{"line":43,"column":7},"end":{"line":45,"column":1}},"locations":[{"start":{"line":43,"column":7},"end":{"line":45,"column":1}}]},"5":{"type":"branch","line":47,"loc":{"start":{"line":47,"column":7},"end":{"line":54,"column":1}},"locations":[{"start":{"line":47,"column":7},"end":{"line":54,"column":1}}]},"6":{"type":"branch","line":49,"loc":{"start":{"line":49,"column":16},"end":{"line":52,"column":3}},"locations":[{"start":{"line":49,"column":16},"end":{"line":52,"column":3}}]},"7":{"type":"branch","line":56,"loc":{"start":{"line":56,"column":7},"end":{"line":62,"column":1}},"locations":[{"start":{"line":56,"column":7},"end":{"line":62,"column":1}}]},"8":{"type":"branch","line":59,"loc":{"start":{"line":59,"column":2},"end":{"line":61,"column":34}},"locations":[{"start":{"line":59,"column":2},"end":{"line":61,"column":34}}]}},"b":{"0":[1],"1":[1],"2":[1],"3":[1],"4":[1],"5":[3],"6":[0],"7":[1],"8":[0]},"fnMap":{"0":{"name":"isAdapterId","decl":{"start":{"line":17,"column":0},"end":{"line":19,"column":1}},"loc":{"start":{"line":17,"column":0},"end":{"line":19,"column":1}},"line":17},"1":{"name":"<instance_members_initializer>","decl":{"start":{"line":22,"column":18},"end":{"line":22,"column":41}},"loc":{"start":{"line":22,"column":18},"end":{"line":22,"column":41}},"line":22},"2":{"name":"isAvailable","decl":{"start":{"line":24,"column":2},"end":{"line":26,"column":3}},"loc":{"start":{"line":24,"column":2},"end":{"line":26,"column":3}},"line":24},"3":{"name":"runOnce","decl":{"start":{"line":28,"column":2},"end":{"line":34,"column":3}},"loc":{"start":{"line":28,"column":2},"end":{"line":34,"column":3}},"line":28},"4":{"name":"getAdapters","decl":{"start":{"line":43,"column":7},"end":{"line":45,"column":1}},"loc":{"start":{"line":43,"column":7},"end":{"line":45,"column":1}},"line":43},"5":{"name":"getAdapterById","decl":{"start":{"line":47,"column":7},"end":{"line":54,"column":1}},"loc":{"start":{"line":47,"column":7},"end":{"line":54,"column":1}},"line":47},"6":{"name":"tryGetAdapterById","decl":{"start":{"line":56,"column":7},"end":{"line":62,"column":1}},"loc":{"start":{"line":56,"column":7},"end":{"line":62,"column":1}},"line":56}},"f":{"0":1,"1":1,"2":1,"3":1,"4":1,"5":3,"6":1}}
,"D:\\___PROJETS\\essai\\project\\src\\adapters\\types.ts": {"path":"D:\\___PROJETS\\essai\\project\\src\\adapters\\types.ts","all":true,"statementMap":{},"s":{},"branchMap":{"0":{"type":"branch","line":1,"loc":{"start":{"line":1,"column":666},"end":{"line":33,"column":1}},"locations":[{"start":{"line":1,"column":666},"end":{"line":33,"column":1}}]}},"b":{"0":[1]},"fnMap":{"0":{"name":"(empty-report)","decl":{"start":{"line":1,"column":666},"end":{"line":33,"column":1}},"loc":{"start":{"line":1,"column":666},"end":{"line":33,"column":1}},"line":1}},"f":{"0":1}}
,"D:\\___PROJETS\\essai\\project\\src\\artifacts\\index.ts": {"path":"D:\\___PROJETS\\essai\\project\\src\\artifacts\\index.ts","all":false,"statementMap":{"0":{"start":{"line":1,"column":0},"end":{"line":1,"column":3}}},"s":{"0":1},"branchMap":{},"b":{},"fnMap":{},"f":{}}
,"D:\\___PROJETS\\essai\\project\\src\\artifacts\\redact.ts": {"path":"D:\\___PROJETS\\essai\\project\\src\\artifacts\\redact.ts","all":false,"statementMap":{"6":{"start":{"line":7,"column":0},"end":{"line":7,"column":62}},"8":{"start":{"line":9,"column":0},"end":{"line":9,"column":72}},"10":{"start":{"line":11,"column":0},"end":{"line":11,"column":64}},"12":{"start":{"line":13,"column":0},"end":{"line":13,"column":3}},"13":{"start":{"line":14,"column":0},"end":{"line":14,"column":76}},"14":{"start":{"line":15,"column":0},"end":{"line":15,"column":22}},"15":{"start":{"line":16,"column":0},"end":{"line":16,"column":4}},"17":{"start":{"line":18,"column":0},"end":{"line":18,"column":3}},"18":{"start":{"line":19,"column":0},"end":{"line":19,"column":74}},"19":{"start":{"line":20,"column":0},"end":{"line":20,"column":23}},"20":{"start":{"line":21,"column":0},"end":{"line":21,"column":4}},"22":{"start":{"line":23,"column":0},"end":{"line":23,"column":80}},"23":{"start":{"line":24,"column":0},"end":{"line":24,"column":3}},"24":{"start":{"line":25,"column":0},"end":{"line":25,"column":57}},"25":{"start":{"line":26,"column":0},"end":{"line":26,"column":28}},"26":{"start":{"line":27,"column":0},"end":{"line":27,"column":4}},"28":{"start":{"line":29,"column":0},"end":{"line":29,"column":67}},"29":{"start":{"line":30,"column":0},"end":{"line":30,"column":2}},"32":{"start":{"line":33,"column":0},"end":{"line":33,"column":30}},"43":{"start":{"line":44,"column":0},"end":{"line":44,"column":30}},"44":{"start":{"line":45,"column":0},"end":{"line":45,"column":15}},"45":{"start":{"line":46,"column":0},"end":{"line":46,"column":31}},"46":{"start":{"line":47,"column":0},"end":{"line":47,"column":11}},"47":{"start":{"line":48,"column":0},"end":{"line":48,"column":20}},"49":{"start":{"line":50,"column":0},"end":{"line":50,"column":52}},"51":{"start":{"line":52,"column":0},"end":{"line":52,"column":26}},"53":{"start":{"line":54,"column":0},"end":{"line":54,"column":31}},"54":{"start":{"line":55,"column":0},"end":{"line":55,"column":28}},"55":{"start":{"line":56,"column":0},"end":{"line":56,"column":49}},"56":{"start":{"line":57,"column":0},"end":{"line":57,"column":23}},"57":{"start":{"line":58,"column":0},"end":{"line":58,"column":5}},"58":{"start":{"line":59,"column":0},"end":{"line":59,"column":3}},"60":{"start":{"line":61,"column":0},"end":{"line":61,"column":16}},"61":{"start":{"line":62,"column":0},"end":{"line":62,"column":1}},"69":{"start":{"line":70,"column":0},"end":{"line":70,"column":74}},"70":{"start":{"line":71,"column":0},"end":{"line":71,"column":32}},"71":{"start":{"line":72,"column":0},"end":{"line":72,"column":45}},"72":{"start":{"line":73,"column":0},"end":{"line":73,"column":3}},"74":{"start":{"line":75,"column":0},"end":{"line":75,"column":27}},"75":{"start":{"line":76,"column":0},"end":{"line":76,"column":64}},"76":{"start":{"line":77,"column":0},"end":{"line":77,"column":3}},"78":{"start":{"line":79,"column":0},"end":{"line":79,"column":48}},"79":{"start":{"line":80,"column":0},"end":{"line":80,"column":47}},"80":{"start":{"line":81,"column":0},"end":{"line":81,"column":53}},"81":{"start":{"line":82,"column":0},"end":{"line":82,"column":50}},"82":{"start":{"line":83,"column":0},"end":{"line":83,"column":5}},"83":{"start":{"line":84,"column":0},"end":{"line":84,"column":23}},"84":{"start":{"line":85,"column":0},"end":{"line":85,"column":3}},"86":{"start":{"line":87,"column":0},"end":{"line":87,"column":13}},"87":{"start":{"line":88,"column":0},"end":{"line":88,"column":1}}},"s":{"6":1,"8":1,"10":1,"12":1,"13":1,"14":1,"15":1,"17":1,"18":1,"19":1,"20":1,"22":1,"23":1,"24":1,"25":1,"26":1,"28":1,"29":1,"32":1,"43":1,"44":39,"45":39,"46":39,"47":39,"49":39,"51":273,"53":273,"54":14,"55":14,"56":14,"57":14,"58":273,"60":39,"61":39,"69":1,"70":61,"71":30,"72":30,"74":61,"75":3,"76":3,"78":61,"79":12,"80":12,"81":47,"82":47,"83":12,"84":12,"86":16,"87":16},"branchMap":{"0":{"type":"branch","line":44,"loc":{"start":{"line":44,"column":7},"end":{"line":62,"column":1}},"locations":[{"start":{"line":44,"column":7},"end":{"line":62,"column":1}}]},"1":{"type":"branch","line":50,"loc":{"start":{"line":50,"column":51},"end":{"line":59,"column":3}},"locations":[{"start":{"line":50,"column":51},"end":{"line":59,"column":3}}]},"2":{"type":"branch","line":54,"loc":{"start":{"line":54,"column":30},"end":{"line":58,"column":5}},"locations":[{"start":{"line":54,"column":30},"end":{"line":58,"column":5}}]},"3":{"type":"branch","line":57,"loc":{"start":{"line":57,"column":6},"end":{"line":57,"column":23}},"locations":[{"start":{"line":57,"column":6},"end":{"line":57,"column":23}}]},"4":{"type":"branch","line":70,"loc":{"start":{"line":70,"column":7},"end":{"line":88,"column":1}},"locations":[{"start":{"line":70,"column":7},"end":{"line":88,"column":1}}]},"5":{"type":"branch","line":71,"loc":{"start":{"line":71,"column":31},"end":{"line":73,"column":3}},"locations":[{"start":{"line":71,"column":31},"end":{"line":73,"column":3}}]},"6":{"type":"branch","line":73,"loc":{"start":{"line":73,"column":2},"end":{"line":75,"column":26}},"locations":[{"start":{"line":73,"column":2},"end":{"line":75,"column":26}}]},"7":{"type":"branch","line":75,"loc":{"start":{"line":75,"column":26},"end":{"line":77,"column":3}},"locations":[{"start":{"line":75,"column":26},"end":{"line":77,"column":3}}]},"8":{"type":"branch","line":77,"loc":{"start":{"line":77,"column":2},"end":{"line":79,"column":47}},"locations":[{"start":{"line":77,"column":2},"end":{"line":79,"column":47}}]},"9":{"type":"branch","line":79,"loc":{"start":{"line":79,"column":47},"end":{"line":85,"column":3}},"locations":[{"start":{"line":79,"column":47},"end":{"line":85,"column":3}}]},"10":{"type":"branch","line":81,"loc":{"start":{"line":81,"column":52},"end":{"line":83,"column":5}},"locations":[{"start":{"line":81,"column":52},"end":{"line":83,"column":5}}]},"11":{"type":"branch","line":85,"loc":{"start":{"line":85,"column":2},"end":{"line":88,"column":1}},"locations":[{"start":{"line":85,"column":2},"end":{"line":88,"column":1}}]},"12":{"type":"branch","line":76,"loc":{"start":{"line":76,"column":19},"end":{"line":76,"column":57}},"locations":[{"start":{"line":76,"column":19},"end":{"line":76,"column":57}}]}},"b":{"0":[39],"1":[273],"2":[14],"3":[6],"4":[61],"5":[30],"6":[31],"7":[3],"8":[28],"9":[12],"10":[47],"11":[16],"12":[5]},"fnMap":{"0":{"name":"redactSecrets","decl":{"start":{"line":44,"column":7},"end":{"line":62,"column":1}},"loc":{"start":{"line":44,"column":7},"end":{"line":62,"column":1}},"line":44},"1":{"name":"redactObject","decl":{"start":{"line":70,"column":7},"end":{"line":88,"column":1}},"loc":{"start":{"line":70,"column":7},"end":{"line":88,"column":1}},"line":70}},"f":{"0":39,"1":61}}
,"D:\\___PROJETS\\essai\\project\\src\\artifacts\\types.ts": {"path":"D:\\___PROJETS\\essai\\project\\src\\artifacts\\types.ts","all":true,"statementMap":{},"s":{},"branchMap":{"0":{"type":"branch","line":1,"loc":{"start":{"line":1,"column":1426},"end":{"line":65,"column":1}},"locations":[{"start":{"line":1,"column":1426},"end":{"line":65,"column":1}}]}},"b":{"0":[1]},"fnMap":{"0":{"name":"(empty-report)","decl":{"start":{"line":1,"column":1426},"end":{"line":65,"column":1}},"loc":{"start":{"line":1,"column":1426},"end":{"line":65,"column":1}},"line":1}},"f":{"0":1}}
,"D:\\___PROJETS\\essai\\project\\src\\artifacts\\writer.ts": {"path":"D:\\___PROJETS\\essai\\project\\src\\artifacts\\writer.ts","all":false,"statementMap":{"0":{"start":{"line":1,"column":0},"end":{"line":1,"column":3}},"21":{"start":{"line":22,"column":0},"end":{"line":22,"column":39}},"27":{"start":{"line":28,"column":0},"end":{"line":28,"column":41}},"28":{"start":{"line":29,"column":0},"end":{"line":29,"column":25}},"30":{"start":{"line":31,"column":0},"end":{"line":31,"column":33}},"31":{"start":{"line":32,"column":0},"end":{"line":32,"column":60}},"32":{"start":{"line":33,"column":0},"end":{"line":33,"column":53}},"33":{"start":{"line":34,"column":0},"end":{"line":34,"column":56}},"34":{"start":{"line":35,"column":0},"end":{"line":35,"column":60}},"35":{"start":{"line":36,"column":0},"end":{"line":36,"column":60}},"37":{"start":{"line":38,"column":0},"end":{"line":38,"column":58}},"39":{"start":{"line":40,"column":0},"end":{"line":40,"column":70}},"40":{"start":{"line":41,"column":0},"end":{"line":41,"column":1}},"47":{"start":{"line":48,"column":0},"end":{"line":48,"column":70}},"48":{"start":{"line":49,"column":0},"end":{"line":49,"column":45}},"49":{"start":{"line":50,"column":0},"end":{"line":50,"column":1}},"54":{"start":{"line":55,"column":0},"end":{"line":55,"column":79}},"55":{"start":{"line":56,"column":0},"end":{"line":56,"column":39}},"57":{"start":{"line":58,"column":0},"end":{"line":58,"column":35}},"59":{"start":{"line":60,"column":0},"end":{"line":60,"column":17}},"60":{"start":{"line":61,"column":0},"end":{"line":61,"column":26}},"61":{"start":{"line":62,"column":0},"end":{"line":62,"column":21}},"62":{"start":{"line":63,"column":0},"end":{"line":63,"column":33}},"63":{"start":{"line":64,"column":0},"end":{"line":64,"column":28}},"64":{"start":{"line":65,"column":0},"end":{"line":65,"column":7}},"67":{"start":{"line":68,"column":0},"end":{"line":68,"column":32}},"68":{"start":{"line":69,"column":0},"end":{"line":69,"column":61}},"69":{"start":{"line":70,"column":0},"end":{"line":70,"column":20}},"71":{"start":{"line":72,"column":0},"end":{"line":72,"column":17}},"72":{"start":{"line":73,"column":0},"end":{"line":73,"column":21}},"73":{"start":{"line":74,"column":0},"end":{"line":74,"column":23}},"74":{"start":{"line":75,"column":0},"end":{"line":75,"column":33}},"75":{"start":{"line":76,"column":0},"end":{"line":76,"column":30}},"76":{"start":{"line":77,"column":0},"end":{"line":77,"column":35}},"77":{"start":{"line":78,"column":0},"end":{"line":78,"column":7}},"78":{"start":{"line":79,"column":0},"end":{"line":79,"column":3}},"80":{"start":{"line":81,"column":0},"end":{"line":81,"column":16}},"81":{"start":{"line":82,"column":0},"end":{"line":82,"column":1}},"88":{"start":{"line":89,"column":0},"end":{"line":89,"column":37}},"89":{"start":{"line":90,"column":0},"end":{"line":90,"column":33}},"90":{"start":{"line":91,"column":0},"end":{"line":91,"column":12}},"100":{"start":{"line":101,"column":0},"end":{"line":101,"column":34}},"101":{"start":{"line":102,"column":0},"end":{"line":102,"column":32}},"102":{"start":{"line":103,"column":0},"end":{"line":103,"column":61}},"104":{"start":{"line":105,"column":0},"end":{"line":105,"column":7}},"106":{"start":{"line":107,"column":0},"end":{"line":107,"column":52}},"109":{"start":{"line":110,"column":0},"end":{"line":110,"column":41}},"110":{"start":{"line":111,"column":0},"end":{"line":111,"column":31}},"111":{"start":{"line":112,"column":0},"end":{"line":112,"column":62}},"112":{"start":{"line":113,"column":0},"end":{"line":113,"column":6}},"114":{"start":{"line":115,"column":0},"end":{"line":115,"column":37}},"115":{"start":{"line":116,"column":0},"end":{"line":116,"column":48}},"116":{"start":{"line":117,"column":0},"end":{"line":117,"column":58}},"117":{"start":{"line":118,"column":0},"end":{"line":118,"column":7}},"118":{"start":{"line":119,"column":0},"end":{"line":119,"column":49}},"119":{"start":{"line":120,"column":0},"end":{"line":120,"column":60}},"120":{"start":{"line":121,"column":0},"end":{"line":121,"column":7}},"121":{"start":{"line":122,"column":0},"end":{"line":122,"column":5}},"123":{"start":{"line":124,"column":0},"end":{"line":124,"column":42}},"124":{"start":{"line":125,"column":0},"end":{"line":125,"column":48}},"125":{"start":{"line":126,"column":0},"end":{"line":126,"column":5}},"127":{"start":{"line":128,"column":0},"end":{"line":128,"column":27}},"128":{"start":{"line":129,"column":0},"end":{"line":129,"column":16}},"129":{"start":{"line":130,"column":0},"end":{"line":130,"column":30}},"130":{"start":{"line":131,"column":0},"end":{"line":131,"column":35}},"131":{"start":{"line":132,"column":0},"end":{"line":132,"column":43}},"132":{"start":{"line":133,"column":0},"end":{"line":133,"column":27}},"133":{"start":{"line":134,"column":0},"end":{"line":134,"column":6}},"136":{"start":{"line":137,"column":0},"end":{"line":137,"column":20}},"137":{"start":{"line":138,"column":0},"end":{"line":138,"column":39}},"138":{"start":{"line":139,"column":0},"end":{"line":139,"column":43}},"139":{"start":{"line":140,"column":0},"end":{"line":140,"column":14}},"140":{"start":{"line":141,"column":0},"end":{"line":141,"column":6}},"143":{"start":{"line":144,"column":0},"end":{"line":144,"column":71}},"144":{"start":{"line":145,"column":0},"end":{"line":145,"column":50}},"145":{"start":{"line":146,"column":0},"end":{"line":146,"column":48}},"146":{"start":{"line":147,"column":0},"end":{"line":147,"column":44}},"147":{"start":{"line":148,"column":0},"end":{"line":148,"column":6}},"149":{"start":{"line":150,"column":0},"end":{"line":150,"column":25}},"150":{"start":{"line":151,"column":0},"end":{"line":151,"column":71}},"151":{"start":{"line":152,"column":0},"end":{"line":152,"column":46}},"153":{"start":{"line":154,"column":0},"end":{"line":154,"column":20}},"154":{"start":{"line":155,"column":0},"end":{"line":155,"column":47}},"155":{"start":{"line":156,"column":0},"end":{"line":156,"column":20}},"156":{"start":{"line":157,"column":0},"end":{"line":157,"column":14}},"157":{"start":{"line":158,"column":0},"end":{"line":158,"column":6}},"160":{"start":{"line":161,"column":0},"end":{"line":161,"column":66}},"162":{"start":{"line":163,"column":0},"end":{"line":163,"column":20}},"163":{"start":{"line":164,"column":0},"end":{"line":164,"column":41}},"164":{"start":{"line":165,"column":0},"end":{"line":165,"column":53}},"165":{"start":{"line":166,"column":0},"end":{"line":166,"column":14}},"166":{"start":{"line":167,"column":0},"end":{"line":167,"column":6}},"168":{"start":{"line":169,"column":0},"end":{"line":169,"column":12}},"169":{"start":{"line":170,"column":0},"end":{"line":170,"column":15}},"170":{"start":{"line":171,"column":0},"end":{"line":171,"column":26}},"171":{"start":{"line":172,"column":0},"end":{"line":172,"column":6}},"172":{"start":{"line":173,"column":0},"end":{"line":173,"column":19}},"173":{"start":{"line":174,"column":0},"end":{"line":174,"column":75}},"175":{"start":{"line":176,"column":0},"end":{"line":176,"column":12}},"176":{"start":{"line":177,"column":0},"end":{"line":177,"column":16}},"177":{"start":{"line":178,"column":0},"end":{"line":178,"column":38}},"178":{"start":{"line":179,"column":0},"end":{"line":179,"column":65}},"179":{"start":{"line":180,"column":0},"end":{"line":180,"column":6}},"180":{"start":{"line":181,"column":0},"end":{"line":181,"column":3}},"181":{"start":{"line":182,"column":0},"end":{"line":182,"column":1}}},"s":{"0":1,"21":1,"27":1,"28":104,"30":104,"31":104,"32":104,"33":104,"34":104,"35":104,"37":104,"39":104,"40":104,"47":1,"48":4,"49":4,"54":2,"55":2,"57":2,"59":2,"60":2,"61":2,"62":2,"63":2,"64":2,"67":2,"68":2,"69":2,"71":2,"72":2,"73":2,"74":2,"75":2,"76":2,"77":2,"78":2,"80":2,"81":2,"88":3,"89":3,"90":3,"100":3,"101":3,"102":3,"104":3,"106":3,"109":2,"110":2,"111":2,"112":2,"114":2,"115":2,"116":0,"117":0,"118":2,"119":0,"120":0,"121":2,"123":3,"124":0,"125":0,"127":2,"128":2,"129":2,"130":2,"131":2,"132":2,"133":2,"136":2,"137":2,"138":2,"139":2,"140":2,"143":3,"144":3,"145":3,"146":4,"147":3,"149":3,"150":3,"151":3,"153":3,"154":3,"155":3,"156":3,"157":3,"160":2,"162":2,"163":2,"164":2,"165":2,"166":2,"168":2,"169":2,"170":2,"171":2,"172":3,"173":1,"175":1,"176":1,"177":1,"178":1,"179":1,"180":1,"181":3},"branchMap":{"0":{"type":"branch","line":28,"loc":{"start":{"line":28,"column":7},"end":{"line":41,"column":1}},"locations":[{"start":{"line":28,"column":7},"end":{"line":41,"column":1}}]},"1":{"type":"branch","line":48,"loc":{"start":{"line":48,"column":7},"end":{"line":50,"column":1}},"locations":[{"start":{"line":48,"column":7},"end":{"line":50,"column":1}}]},"2":{"type":"branch","line":55,"loc":{"start":{"line":55,"column":0},"end":{"line":82,"column":1}},"locations":[{"start":{"line":55,"column":0},"end":{"line":82,"column":1}}]},"3":{"type":"branch","line":89,"loc":{"start":{"line":89,"column":0},"end":{"line":182,"column":1}},"locations":[{"start":{"line":89,"column":0},"end":{"line":182,"column":1}}]},"4":{"type":"branch","line":107,"loc":{"start":{"line":107,"column":50},"end":{"line":124,"column":41}},"locations":[{"start":{"line":107,"column":50},"end":{"line":124,"column":41}}]},"5":{"type":"branch","line":116,"loc":{"start":{"line":116,"column":47},"end":{"line":118,"column":7}},"locations":[{"start":{"line":116,"column":47},"end":{"line":118,"column":7}}]},"6":{"type":"branch","line":119,"loc":{"start":{"line":119,"column":48},"end":{"line":121,"column":7}},"locations":[{"start":{"line":119,"column":48},"end":{"line":121,"column":7}}]},"7":{"type":"branch","line":124,"loc":{"start":{"line":124,"column":41},"end":{"line":126,"column":5}},"locations":[{"start":{"line":124,"column":41},"end":{"line":126,"column":5}}]},"8":{"type":"branch","line":126,"loc":{"start":{"line":126,"column":4},"end":{"line":144,"column":68}},"locations":[{"start":{"line":126,"column":4},"end":{"line":144,"column":68}}]},"9":{"type":"branch","line":144,"loc":{"start":{"line":144,"column":55},"end":{"line":144,"column":71}},"locations":[{"start":{"line":144,"column":55},"end":{"line":144,"column":71}}]},"10":{"type":"branch","line":152,"loc":{"start":{"line":152,"column":31},"end":{"line":152,"column":42}},"locations":[{"start":{"line":152,"column":31},"end":{"line":152,"column":42}}]},"11":{"type":"branch","line":152,"loc":{"start":{"line":152,"column":35},"end":{"line":152,"column":46}},"locations":[{"start":{"line":152,"column":35},"end":{"line":152,"column":46}}]},"12":{"type":"branch","line":158,"loc":{"start":{"line":158,"column":4},"end":{"line":173,"column":11}},"locations":[{"start":{"line":158,"column":4},"end":{"line":173,"column":11}}]},"13":{"type":"branch","line":173,"loc":{"start":{"line":173,"column":2},"end":{"line":181,"column":3}},"locations":[{"start":{"line":173,"column":2},"end":{"line":181,"column":3}}]},"14":{"type":"branch","line":174,"loc":{"start":{"line":174,"column":51},"end":{"line":174,"column":75}},"locations":[{"start":{"line":174,"column":51},"end":{"line":174,"column":75}}]},"15":{"type":"branch","line":146,"loc":{"start":{"line":146,"column":38},"end":{"line":147,"column":44}},"locations":[{"start":{"line":146,"column":38},"end":{"line":147,"column":44}}]},"16":{"type":"branch","line":151,"loc":{"start":{"line":151,"column":25},"end":{"line":151,"column":57}},"locations":[{"start":{"line":151,"column":25},"end":{"line":151,"column":57}}]}},"b":{"0":[104],"1":[4],"2":[2],"3":[3],"4":[2],"5":[0],"6":[0],"7":[0],"8":[2],"9":[0],"10":[2],"11":[0],"12":[2],"13":[1],"14":[0],"15":[4],"16":[4]},"fnMap":{"0":{"name":"generateRunId","decl":{"start":{"line":28,"column":7},"end":{"line":41,"column":1}},"loc":{"start":{"line":28,"column":7},"end":{"line":41,"column":1}},"line":28},"1":{"name":"getArtifactsPath","decl":{"start":{"line":48,"column":7},"end":{"line":50,"column":1}},"loc":{"start":{"line":48,"column":7},"end":{"line":50,"column":1}},"line":48},"2":{"name":"transcriptToEvents","decl":{"start":{"line":55,"column":0},"end":{"line":82,"column":1}},"loc":{"start":{"line":55,"column":0},"end":{"line":82,"column":1}},"line":55},"3":{"name":"writeArtifacts","decl":{"start":{"line":89,"column":0},"end":{"line":182,"column":1}},"loc":{"start":{"line":89,"column":0},"end":{"line":182,"column":1}},"line":89}},"f":{"0":104,"1":4,"2":2,"3":3}}
,"D:\\___PROJETS\\essai\\project\\src\\commands\\backends.ts": {"path":"D:\\___PROJETS\\essai\\project\\src\\commands\\backends.ts","all":false,"statementMap":{"0":{"start":{"line":1,"column":0},"end":{"line":1,"column":3}},"12":{"start":{"line":13,"column":0},"end":{"line":13,"column":50}},"13":{"start":{"line":14,"column":0},"end":{"line":14,"column":32}},"14":{"start":{"line":15,"column":0},"end":{"line":15,"column":28}},"15":{"start":{"line":16,"column":0},"end":{"line":16,"column":33}},"16":{"start":{"line":17,"column":0},"end":{"line":17,"column":2}},"18":{"start":{"line":19,"column":0},"end":{"line":19,"column":67}},"19":{"start":{"line":20,"column":0},"end":{"line":20,"column":19}},"20":{"start":{"line":21,"column":0},"end":{"line":21,"column":21}},"21":{"start":{"line":22,"column":0},"end":{"line":22,"column":17}},"22":{"start":{"line":23,"column":0},"end":{"line":23,"column":19}},"23":{"start":{"line":24,"column":0},"end":{"line":24,"column":17}},"24":{"start":{"line":25,"column":0},"end":{"line":25,"column":27}},"25":{"start":{"line":26,"column":0},"end":{"line":26,"column":18}},"26":{"start":{"line":27,"column":0},"end":{"line":27,"column":23}},"27":{"start":{"line":28,"column":0},"end":{"line":28,"column":17}},"28":{"start":{"line":29,"column":0},"end":{"line":29,"column":3}},"29":{"start":{"line":30,"column":0},"end":{"line":30,"column":1}},"43":{"start":{"line":44,"column":0},"end":{"line":44,"column":57}},"44":{"start":{"line":45,"column":0},"end":{"line":45,"column":33}},"46":{"start":{"line":47,"column":0},"end":{"line":47,"column":37}},"47":{"start":{"line":48,"column":0},"end":{"line":48,"column":37}},"48":{"start":{"line":49,"column":0},"end":{"line":49,"column":55}},"49":{"start":{"line":50,"column":0},"end":{"line":50,"column":14}},"50":{"start":{"line":51,"column":0},"end":{"line":51,"column":23}},"51":{"start":{"line":52,"column":0},"end":{"line":52,"column":40}},"52":{"start":{"line":53,"column":0},"end":{"line":53,"column":36}},"53":{"start":{"line":54,"column":0},"end":{"line":54,"column":26}},"54":{"start":{"line":55,"column":0},"end":{"line":55,"column":7}},"55":{"start":{"line":56,"column":0},"end":{"line":56,"column":4}},"57":{"start":{"line":58,"column":0},"end":{"line":58,"column":18}},"58":{"start":{"line":59,"column":0},"end":{"line":59,"column":1}},"63":{"start":{"line":64,"column":0},"end":{"line":64,"column":67}},"64":{"start":{"line":65,"column":0},"end":{"line":65,"column":37}},"65":{"start":{"line":66,"column":0},"end":{"line":66,"column":47}},"66":{"start":{"line":67,"column":0},"end":{"line":67,"column":72}},"67":{"start":{"line":68,"column":0},"end":{"line":68,"column":5}},"68":{"start":{"line":69,"column":0},"end":{"line":69,"column":62}},"69":{"start":{"line":70,"column":0},"end":{"line":70,"column":1}},"74":{"start":{"line":75,"column":0},"end":{"line":75,"column":55}},"75":{"start":{"line":76,"column":0},"end":{"line":76,"column":39}},"76":{"start":{"line":77,"column":0},"end":{"line":77,"column":48}},"77":{"start":{"line":78,"column":0},"end":{"line":78,"column":22}},"78":{"start":{"line":79,"column":0},"end":{"line":79,"column":1}},"83":{"start":{"line":84,"column":0},"end":{"line":84,"column":65}},"84":{"start":{"line":85,"column":0},"end":{"line":85,"column":9}},"85":{"start":{"line":86,"column":0},"end":{"line":86,"column":24}},"86":{"start":{"line":87,"column":0},"end":{"line":87,"column":51}},"87":{"start":{"line":88,"column":0},"end":{"line":88,"column":28}},"88":{"start":{"line":89,"column":0},"end":{"line":89,"column":1}}},"s":{"0":1,"12":1,"13":1,"14":1,"15":1,"16":1,"18":6,"19":6,"20":6,"21":2,"22":6,"23":2,"24":6,"25":0,"26":6,"27":2,"28":6,"29":6,"43":4,"44":4,"46":4,"47":4,"48":12,"49":12,"50":12,"51":12,"52":12,"53":12,"54":4,"55":4,"57":4,"58":4,"63":1,"64":2,"65":6,"66":6,"67":2,"68":2,"69":2,"74":0,"75":0,"76":0,"77":0,"78":0,"83":1,"84":0,"85":0,"86":0,"87":0,"88":0},"branchMap":{"0":{"type":"branch","line":19,"loc":{"start":{"line":19,"column":0},"end":{"line":30,"column":1}},"locations":[{"start":{"line":19,"column":0},"end":{"line":30,"column":1}}]},"1":{"type":"branch","line":21,"loc":{"start":{"line":21,"column":4},"end":{"line":22,"column":17}},"locations":[{"start":{"line":21,"column":4},"end":{"line":22,"column":17}}]},"2":{"type":"branch","line":23,"loc":{"start":{"line":23,"column":4},"end":{"line":24,"column":17}},"locations":[{"start":{"line":23,"column":4},"end":{"line":24,"column":17}}]},"3":{"type":"branch","line":25,"loc":{"start":{"line":25,"column":4},"end":{"line":26,"column":18}},"locations":[{"start":{"line":25,"column":4},"end":{"line":26,"column":18}}]},"4":{"type":"branch","line":27,"loc":{"start":{"line":27,"column":4},"end":{"line":28,"column":17}},"locations":[{"start":{"line":27,"column":4},"end":{"line":28,"column":17}}]},"5":{"type":"branch","line":44,"loc":{"start":{"line":44,"column":0},"end":{"line":59,"column":1}},"locations":[{"start":{"line":44,"column":0},"end":{"line":59,"column":1}}]},"6":{"type":"branch","line":48,"loc":{"start":{"line":48,"column":17},"end":{"line":55,"column":5}},"locations":[{"start":{"line":48,"column":17},"end":{"line":55,"column":5}}]},"7":{"type":"branch","line":64,"loc":{"start":{"line":64,"column":7},"end":{"line":70,"column":1}},"locations":[{"start":{"line":64,"column":7},"end":{"line":70,"column":1}}]},"8":{"type":"branch","line":65,"loc":{"start":{"line":65,"column":29},"end":{"line":68,"column":3}},"locations":[{"start":{"line":65,"column":29},"end":{"line":68,"column":3}}]}},"b":{"0":[6],"1":[2],"2":[2],"3":[0],"4":[2],"5":[4],"6":[12],"7":[2],"8":[6]},"fnMap":{"0":{"name":"iconForStatus","decl":{"start":{"line":19,"column":0},"end":{"line":30,"column":1}},"loc":{"start":{"line":19,"column":0},"end":{"line":30,"column":1}},"line":19},"1":{"name":"getBackends","decl":{"start":{"line":44,"column":0},"end":{"line":59,"column":1}},"loc":{"start":{"line":44,"column":0},"end":{"line":59,"column":1}},"line":44},"2":{"name":"formatBackendsOutput","decl":{"start":{"line":64,"column":7},"end":{"line":70,"column":1}},"loc":{"start":{"line":64,"column":7},"end":{"line":70,"column":1}},"line":64},"3":{"name":"backendsAction","decl":{"start":{"line":75,"column":0},"end":{"line":79,"column":1}},"loc":{"start":{"line":75,"column":0},"end":{"line":79,"column":1}},"line":75},"4":{"name":"registerBackendsCommand","decl":{"start":{"line":84,"column":7},"end":{"line":89,"column":1}},"loc":{"start":{"line":84,"column":7},"end":{"line":89,"column":1}},"line":84}},"f":{"0":6,"1":4,"2":2,"3":0,"4":0}}
,"D:\\___PROJETS\\essai\\project\\src\\commands\\config.ts": {"path":"D:\\___PROJETS\\essai\\project\\src\\commands\\config.ts","all":false,"statementMap":{"0":{"start":{"line":1,"column":0},"end":{"line":1,"column":3}},"30":{"start":{"line":31,"column":0},"end":{"line":31,"column":65}},"31":{"start":{"line":32,"column":0},"end":{"line":32,"column":48}},"32":{"start":{"line":33,"column":0},"end":{"line":33,"column":1}},"37":{"start":{"line":38,"column":0},"end":{"line":38,"column":59}},"38":{"start":{"line":39,"column":0},"end":{"line":39,"column":34}},"39":{"start":{"line":40,"column":0},"end":{"line":40,"column":17}},"40":{"start":{"line":41,"column":0},"end":{"line":41,"column":3}},"41":{"start":{"line":42,"column":0},"end":{"line":42,"column":34}},"42":{"start":{"line":43,"column":0},"end":{"line":43,"column":25}},"43":{"start":{"line":44,"column":0},"end":{"line":44,"column":3}},"44":{"start":{"line":45,"column":0},"end":{"line":45,"column":31}},"45":{"start":{"line":46,"column":0},"end":{"line":46,"column":1}},"51":{"start":{"line":52,"column":0},"end":{"line":52,"column":33}},"52":{"start":{"line":53,"column":0},"end":{"line":53,"column":17}},"53":{"start":{"line":54,"column":0},"end":{"line":54,"column":14}},"54":{"start":{"line":55,"column":0},"end":{"line":55,"column":26}},"55":{"start":{"line":56,"column":0},"end":{"line":56,"column":16}},"56":{"start":{"line":57,"column":0},"end":{"line":57,"column":21}},"57":{"start":{"line":58,"column":0},"end":{"line":58,"column":55}},"58":{"start":{"line":59,"column":0},"end":{"line":59,"column":66}},"59":{"start":{"line":60,"column":0},"end":{"line":60,"column":7}},"60":{"start":{"line":61,"column":0},"end":{"line":61,"column":30}},"61":{"start":{"line":62,"column":0},"end":{"line":62,"column":5}},"63":{"start":{"line":64,"column":0},"end":{"line":64,"column":28}},"64":{"start":{"line":65,"column":0},"end":{"line":65,"column":68}},"65":{"start":{"line":66,"column":0},"end":{"line":66,"column":73}},"66":{"start":{"line":67,"column":0},"end":{"line":67,"column":7}},"67":{"start":{"line":68,"column":0},"end":{"line":68,"column":35}},"68":{"start":{"line":69,"column":0},"end":{"line":69,"column":5}},"70":{"start":{"line":71,"column":0},"end":{"line":71,"column":25}},"71":{"start":{"line":72,"column":0},"end":{"line":72,"column":21}},"72":{"start":{"line":73,"column":0},"end":{"line":73,"column":29}},"73":{"start":{"line":74,"column":0},"end":{"line":74,"column":32}},"74":{"start":{"line":75,"column":0},"end":{"line":75,"column":64}},"75":{"start":{"line":76,"column":0},"end":{"line":76,"column":69}},"76":{"start":{"line":77,"column":0},"end":{"line":77,"column":7}},"78":{"start":{"line":79,"column":0},"end":{"line":79,"column":75}},"79":{"start":{"line":80,"column":0},"end":{"line":80,"column":48}},"80":{"start":{"line":81,"column":0},"end":{"line":81,"column":7}},"81":{"start":{"line":82,"column":0},"end":{"line":82,"column":51}},"82":{"start":{"line":83,"column":0},"end":{"line":83,"column":58}},"83":{"start":{"line":84,"column":0},"end":{"line":84,"column":7}},"85":{"start":{"line":86,"column":0},"end":{"line":86,"column":19}},"86":{"start":{"line":87,"column":0},"end":{"line":87,"column":5}},"87":{"start":{"line":88,"column":0},"end":{"line":88,"column":3}},"88":{"start":{"line":89,"column":0},"end":{"line":89,"column":1}},"93":{"start":{"line":94,"column":0},"end":{"line":94,"column":63}},"94":{"start":{"line":95,"column":0},"end":{"line":95,"column":27}},"95":{"start":{"line":96,"column":0},"end":{"line":96,"column":22}},"96":{"start":{"line":97,"column":0},"end":{"line":97,"column":53}},"99":{"start":{"line":100,"column":0},"end":{"line":100,"column":11}},"100":{"start":{"line":101,"column":0},"end":{"line":101,"column":25}},"101":{"start":{"line":102,"column":0},"end":{"line":102,"column":64}},"102":{"start":{"line":103,"column":0},"end":{"line":103,"column":36}},"103":{"start":{"line":104,"column":0},"end":{"line":104,"column":33}},"104":{"start":{"line":105,"column":0},"end":{"line":105,"column":7}},"107":{"start":{"line":108,"column":0},"end":{"line":108,"column":11}},"108":{"start":{"line":109,"column":0},"end":{"line":109,"column":33}},"109":{"start":{"line":110,"column":0},"end":{"line":110,"column":64}},"110":{"start":{"line":111,"column":0},"end":{"line":111,"column":51}},"111":{"start":{"line":112,"column":0},"end":{"line":112,"column":40}},"112":{"start":{"line":113,"column":0},"end":{"line":113,"column":7}},"115":{"start":{"line":116,"column":0},"end":{"line":116,"column":11}},"116":{"start":{"line":117,"column":0},"end":{"line":117,"column":20}},"117":{"start":{"line":118,"column":0},"end":{"line":118,"column":52}},"118":{"start":{"line":119,"column":0},"end":{"line":119,"column":25}},"119":{"start":{"line":120,"column":0},"end":{"line":120,"column":31}},"120":{"start":{"line":121,"column":0},"end":{"line":121,"column":7}},"123":{"start":{"line":124,"column":0},"end":{"line":124,"column":11}},"124":{"start":{"line":125,"column":0},"end":{"line":125,"column":20}},"125":{"start":{"line":126,"column":0},"end":{"line":126,"column":69}},"126":{"start":{"line":127,"column":0},"end":{"line":127,"column":25}},"127":{"start":{"line":128,"column":0},"end":{"line":128,"column":31}},"128":{"start":{"line":129,"column":0},"end":{"line":129,"column":7}},"129":{"start":{"line":130,"column":0},"end":{"line":130,"column":1}},"134":{"start":{"line":135,"column":0},"end":{"line":135,"column":57}},"135":{"start":{"line":136,"column":0},"end":{"line":136,"column":7}},"136":{"start":{"line":137,"column":0},"end":{"line":137,"column":43}},"137":{"start":{"line":138,"column":0},"end":{"line":138,"column":51}},"138":{"start":{"line":139,"column":0},"end":{"line":139,"column":19}},"139":{"start":{"line":140,"column":0},"end":{"line":140,"column":39}},"140":{"start":{"line":141,"column":0},"end":{"line":141,"column":65}},"141":{"start":{"line":142,"column":0},"end":{"line":142,"column":50}},"142":{"start":{"line":143,"column":0},"end":{"line":143,"column":22}},"143":{"start":{"line":144,"column":0},"end":{"line":144,"column":5}},"144":{"start":{"line":145,"column":0},"end":{"line":145,"column":16}},"145":{"start":{"line":146,"column":0},"end":{"line":146,"column":3}},"146":{"start":{"line":147,"column":0},"end":{"line":147,"column":1}},"151":{"start":{"line":152,"column":0},"end":{"line":152,"column":57}},"152":{"start":{"line":153,"column":0},"end":{"line":153,"column":7}},"153":{"start":{"line":154,"column":0},"end":{"line":154,"column":42}},"154":{"start":{"line":155,"column":0},"end":{"line":155,"column":41}},"155":{"start":{"line":156,"column":0},"end":{"line":156,"column":50}},"156":{"start":{"line":157,"column":0},"end":{"line":157,"column":13}},"158":{"start":{"line":159,"column":0},"end":{"line":159,"column":16}},"159":{"start":{"line":160,"column":0},"end":{"line":160,"column":21}},"160":{"start":{"line":161,"column":0},"end":{"line":161,"column":9}},"161":{"start":{"line":162,"column":0},"end":{"line":162,"column":43}},"162":{"start":{"line":163,"column":0},"end":{"line":163,"column":28}},"163":{"start":{"line":164,"column":0},"end":{"line":164,"column":10}},"164":{"start":{"line":165,"column":0},"end":{"line":165,"column":13}},"165":{"start":{"line":166,"column":0},"end":{"line":166,"column":10}},"166":{"start":{"line":167,"column":0},"end":{"line":167,"column":8}},"167":{"start":{"line":168,"column":0},"end":{"line":168,"column":6}},"168":{"start":{"line":169,"column":0},"end":{"line":169,"column":19}},"169":{"start":{"line":170,"column":0},"end":{"line":170,"column":39}},"170":{"start":{"line":171,"column":0},"end":{"line":171,"column":65}},"171":{"start":{"line":172,"column":0},"end":{"line":172,"column":50}},"172":{"start":{"line":173,"column":0},"end":{"line":173,"column":22}},"173":{"start":{"line":174,"column":0},"end":{"line":174,"column":5}},"174":{"start":{"line":175,"column":0},"end":{"line":175,"column":16}},"175":{"start":{"line":176,"column":0},"end":{"line":176,"column":3}},"176":{"start":{"line":177,"column":0},"end":{"line":177,"column":1}},"181":{"start":{"line":182,"column":0},"end":{"line":182,"column":60}},"183":{"start":{"line":184,"column":0},"end":{"line":184,"column":31}},"184":{"start":{"line":185,"column":0},"end":{"line":185,"column":69}},"185":{"start":{"line":186,"column":0},"end":{"line":186,"column":61}},"186":{"start":{"line":187,"column":0},"end":{"line":187,"column":20}},"187":{"start":{"line":188,"column":0},"end":{"line":188,"column":3}},"189":{"start":{"line":190,"column":0},"end":{"line":190,"column":7}},"190":{"start":{"line":191,"column":0},"end":{"line":191,"column":44}},"191":{"start":{"line":192,"column":0},"end":{"line":192,"column":42}},"192":{"start":{"line":193,"column":0},"end":{"line":193,"column":19}},"193":{"start":{"line":194,"column":0},"end":{"line":194,"column":39}},"194":{"start":{"line":195,"column":0},"end":{"line":195,"column":65}},"195":{"start":{"line":196,"column":0},"end":{"line":196,"column":50}},"196":{"start":{"line":197,"column":0},"end":{"line":197,"column":22}},"197":{"start":{"line":198,"column":0},"end":{"line":198,"column":5}},"198":{"start":{"line":199,"column":0},"end":{"line":199,"column":16}},"199":{"start":{"line":200,"column":0},"end":{"line":200,"column":3}},"200":{"start":{"line":201,"column":0},"end":{"line":201,"column":1}},"205":{"start":{"line":206,"column":0},"end":{"line":206,"column":38}},"206":{"start":{"line":207,"column":0},"end":{"line":207,"column":14}},"207":{"start":{"line":208,"column":0},"end":{"line":208,"column":16}},"208":{"start":{"line":209,"column":0},"end":{"line":209,"column":18}},"209":{"start":{"line":210,"column":0},"end":{"line":210,"column":31}},"210":{"start":{"line":211,"column":0},"end":{"line":211,"column":69}},"211":{"start":{"line":212,"column":0},"end":{"line":212,"column":61}},"212":{"start":{"line":213,"column":0},"end":{"line":213,"column":20}},"213":{"start":{"line":214,"column":0},"end":{"line":214,"column":3}},"215":{"start":{"line":216,"column":0},"end":{"line":216,"column":41}},"216":{"start":{"line":217,"column":0},"end":{"line":217,"column":7}},"217":{"start":{"line":218,"column":0},"end":{"line":218,"column":47}},"218":{"start":{"line":219,"column":0},"end":{"line":219,"column":19}},"219":{"start":{"line":220,"column":0},"end":{"line":220,"column":75}},"220":{"start":{"line":221,"column":0},"end":{"line":221,"column":40}},"221":{"start":{"line":222,"column":0},"end":{"line":222,"column":20}},"222":{"start":{"line":223,"column":0},"end":{"line":223,"column":3}},"224":{"start":{"line":225,"column":0},"end":{"line":225,"column":7}},"225":{"start":{"line":226,"column":0},"end":{"line":226,"column":53}},"226":{"start":{"line":227,"column":0},"end":{"line":227,"column":31}},"227":{"start":{"line":228,"column":0},"end":{"line":228,"column":27}},"228":{"start":{"line":229,"column":0},"end":{"line":229,"column":25}},"229":{"start":{"line":230,"column":0},"end":{"line":230,"column":6}},"231":{"start":{"line":232,"column":0},"end":{"line":232,"column":44}},"232":{"start":{"line":233,"column":0},"end":{"line":233,"column":20}},"233":{"start":{"line":234,"column":0},"end":{"line":234,"column":75}},"234":{"start":{"line":235,"column":0},"end":{"line":235,"column":8}},"235":{"start":{"line":236,"column":0},"end":{"line":236,"column":22}},"236":{"start":{"line":237,"column":0},"end":{"line":237,"column":5}},"238":{"start":{"line":239,"column":0},"end":{"line":239,"column":44}},"239":{"start":{"line":240,"column":0},"end":{"line":240,"column":22}},"240":{"start":{"line":241,"column":0},"end":{"line":241,"column":19}},"241":{"start":{"line":242,"column":0},"end":{"line":242,"column":39}},"242":{"start":{"line":243,"column":0},"end":{"line":243,"column":65}},"243":{"start":{"line":244,"column":0},"end":{"line":244,"column":50}},"244":{"start":{"line":245,"column":0},"end":{"line":245,"column":22}},"245":{"start":{"line":246,"column":0},"end":{"line":246,"column":5}},"246":{"start":{"line":247,"column":0},"end":{"line":247,"column":16}},"247":{"start":{"line":248,"column":0},"end":{"line":248,"column":3}},"248":{"start":{"line":249,"column":0},"end":{"line":249,"column":1}}},"s":{"0":1,"30":1,"31":17,"32":17,"37":1,"38":10,"39":3,"40":3,"41":10,"42":3,"43":3,"44":4,"45":4,"51":1,"52":18,"53":18,"54":18,"55":18,"56":18,"57":5,"58":2,"59":2,"60":3,"61":3,"63":18,"64":4,"65":2,"66":2,"67":2,"68":2,"70":18,"71":18,"72":18,"73":9,"74":9,"75":2,"76":2,"78":9,"79":3,"80":3,"81":9,"82":1,"83":1,"85":3,"86":3,"87":18,"88":18,"93":1,"94":0,"95":0,"96":0,"99":0,"100":0,"101":0,"102":0,"103":0,"104":0,"107":0,"108":0,"109":0,"110":0,"111":0,"112":0,"115":0,"116":0,"117":0,"118":0,"119":0,"120":0,"123":0,"124":0,"125":0,"126":0,"127":0,"128":0,"129":0,"134":1,"135":1,"136":1,"137":1,"138":1,"139":0,"140":0,"141":0,"142":0,"143":0,"144":0,"145":0,"146":1,"151":2,"152":2,"153":2,"154":2,"155":1,"156":1,"158":2,"159":2,"160":2,"161":2,"162":2,"163":2,"164":2,"165":2,"166":2,"167":2,"168":2,"169":0,"170":0,"171":0,"172":0,"173":0,"174":0,"175":0,"176":2,"181":0,"183":0,"184":0,"185":0,"186":0,"187":0,"189":0,"190":0,"191":0,"192":0,"193":0,"194":0,"195":0,"196":0,"197":0,"198":0,"199":0,"200":0,"205":3,"206":3,"207":3,"208":3,"209":3,"210":1,"211":1,"212":1,"213":1,"215":2,"216":2,"217":2,"218":3,"219":1,"220":1,"221":1,"222":1,"224":1,"225":1,"226":1,"227":1,"228":1,"229":1,"231":3,"232":0,"233":0,"234":0,"235":0,"236":0,"238":1,"239":1,"240":3,"241":0,"242":0,"243":0,"244":0,"245":0,"246":0,"247":0,"248":3},"branchMap":{"0":{"type":"branch","line":31,"loc":{"start":{"line":31,"column":7},"end":{"line":33,"column":1}},"locations":[{"start":{"line":31,"column":7},"end":{"line":33,"column":1}}]},"1":{"type":"branch","line":38,"loc":{"start":{"line":38,"column":7},"end":{"line":46,"column":1}},"locations":[{"start":{"line":38,"column":7},"end":{"line":46,"column":1}}]},"2":{"type":"branch","line":39,"loc":{"start":{"line":39,"column":33},"end":{"line":41,"column":3}},"locations":[{"start":{"line":39,"column":33},"end":{"line":41,"column":3}}]},"3":{"type":"branch","line":41,"loc":{"sta
[...]
"column":27},"end":{"line":37,"column":65}}]},"4":{"type":"branch","line":38,"loc":{"start":{"line":38,"column":23},"end":{"line":38,"column":53}},"locations":[{"start":{"line":38,"column":23},"end":{"line":38,"column":53}}]},"5":{"type":"branch","line":39,"loc":{"start":{"line":39,"column":28},"end":{"line":39,"column":68}},"locations":[{"start":{"line":39,"column":28},"end":{"line":39,"column":68}}]},"6":{"type":"branch","line":40,"loc":{"start":{"line":40,"column":29},"end":{"line":40,"column":71}},"locations":[{"start":{"line":40,"column":29},"end":{"line":40,"column":71}}]},"7":{"type":"branch","line":41,"loc":{"start":{"line":41,"column":17},"end":{"line":41,"column":38}},"locations":[{"start":{"line":41,"column":17},"end":{"line":41,"column":38}}]},"8":{"type":"branch","line":48,"loc":{"start":{"line":48,"column":0},"end":{"line":59,"column":1}},"locations":[{"start":{"line":48,"column":0},"end":{"line":59,"column":1}}]},"9":{"type":"branch","line":52,"loc":{"start":{"line":52,"column":4},"end":{"line":53,"column":34}},"locations":[{"start":{"line":52,"column":4},"end":{"line":53,"column":34}}]},"10":{"type":"branch","line":54,"loc":{"start":{"line":54,"column":4},"end":{"line":55,"column":42}},"locations":[{"start":{"line":54,"column":4},"end":{"line":55,"column":42}}]},"11":{"type":"branch","line":56,"loc":{"start":{"line":56,"column":4},"end":{"line":57,"column":24}},"locations":[{"start":{"line":56,"column":4},"end":{"line":57,"column":24}}]},"12":{"type":"branch","line":64,"loc":{"start":{"line":64,"column":0},"end":{"line":75,"column":1}},"locations":[{"start":{"line":64,"column":0},"end":{"line":75,"column":1}}]},"13":{"type":"branch","line":68,"loc":{"start":{"line":68,"column":4},"end":{"line":69,"column":31}},"locations":[{"start":{"line":68,"column":4},"end":{"line":69,"column":31}}]},"14":{"type":"branch","line":70,"loc":{"start":{"line":70,"column":4},"end":{"line":71,"column":39}},"locations":[{"start":{"line":70,"column":4},"end":{"line":71,"column":39}}]},"15":{"type":"branch","line":72,"loc":{"start":{"line":72,"column":4},"end":{"line":73,"column":35}},"locations":[{"start":{"line":72,"column":4},"end":{"line":73,"column":35}}]},"16":{"type":"branch","line":80,"loc":{"start":{"line":80,"column":0},"end":{"line":98,"column":1}},"locations":[{"start":{"line":80,"column":0},"end":{"line":98,"column":1}}]},"17":{"type":"branch","line":111,"loc":{"start":{"line":111,"column":0},"end":{"line":306,"column":1}},"locations":[{"start":{"line":111,"column":0},"end":{"line":306,"column":1}}]},"18":{"type":"branch","line":128,"loc":{"start":{"line":128,"column":16},"end":{"line":137,"column":3}},"locations":[{"start":{"line":128,"column":16},"end":{"line":137,"column":3}}]},"19":{"type":"branch","line":137,"loc":{"start":{"line":137,"column":2},"end":{"line":142,"column":43}},"locations":[{"start":{"line":137,"column":2},"end":{"line":142,"column":43}}]},"20":{"type":"branch","line":142,"loc":{"start":{"line":142,"column":43},"end":{"line":151,"column":3}},"locations":[{"start":{"line":142,"column":43},"end":{"line":151,"column":3}}]},"21":{"type":"branch","line":147,"loc":{"start":{"line":147,"column":19},"end":{"line":147,"column":68}},"locations":[{"start":{"line":147,"column":19},"end":{"line":147,"column":68}}]},"22":{"type":"branch","line":151,"loc":{"start":{"line":151,"column":2},"end":{"line":163,"column":67}},"locations":[{"start":{"line":151,"column":2},"end":{"line":163,"column":67}}]},"23":{"type":"branch","line":163,"loc":{"start":{"line":163,"column":67},"end":{"line":293,"column":3}},"locations":[{"start":{"line":163,"column":67},"end":{"line":293,"column":3}}]},"24":{"type":"branch","line":166,"loc":{"start":{"line":166,"column":30},"end":{"line":177,"column":5}},"locations":[{"start":{"line":166,"column":30},"end":{"line":177,"column":5}}]},"25":{"type":"branch","line":177,"loc":{"start":{"line":177,"column":4},"end":{"line":208,"column":29}},"locations":[{"start":{"line":177,"column":4},"end":{"line":208,"column":29}}]},"26":{"type":"branch","line":208,"loc":{"start":{"line":208,"column":29},"end":{"line":210,"column":5}},"locations":[{"start":{"line":208,"column":29},"end":{"line":210,"column":5}}]},"27":{"type":"branch","line":210,"loc":{"start":{"line":210,"column":4},"end":{"line":233,"column":5}},"locations":[{"start":{"line":210,"column":4},"end":{"line":233,"column":5}}]},"28":{"type":"branch","line":210,"loc":{"start":{"line":210,"column":4},"end":{"line":213,"column":29}},"locations":[{"start":{"line":210,"column":4},"end":{"line":213,"column":29}}]},"29":{"type":"branch","line":213,"loc":{"start":{"line":213,"column":29},"end":{"line":233,"column":5}},"locations":[{"start":{"line":213,"column":29},"end":{"line":233,"column":5}}]},"30":{"type":"branch","line":214,"loc":{"start":{"line":214,"column":44},"end":{"line":216,"column":13}},"locations":[{"start":{"line":214,"column":44},"end":{"line":216,"column":13}}]},"31":{"type":"branch","line":216,"loc":{"start":{"line":216,"column":6},"end":{"line":218,"column":7}},"locations":[{"start":{"line":216,"column":6},"end":{"line":218,"column":7}}]},"32":{"type":"branch","line":221,"loc":{"start":{"line":221,"column":56},"end":{"line":232,"column":7}},"locations":[{"start":{"line":221,"column":56},"end":{"line":232,"column":7}}]},"33":{"type":"branch","line":233,"loc":{"start":{"line":233,"column":4},"end":{"line":236,"column":31}},"locations":[{"start":{"line":233,"column":4},"end":{"line":236,"column":31}}]},"34":{"type":"branch","line":236,"loc":{"start":{"line":236,"column":31},"end":{"line":247,"column":5}},"locations":[{"start":{"line":236,"column":31},"end":{"line":247,"column":5}}]},"35":{"type":"branch","line":247,"loc":{"start":{"line":247,"column":4},"end":{"line":253,"column":38}},"locations":[{"start":{"line":247,"column":4},"end":{"line":253,"column":38}}]},"36":{"type":"branch","line":253,"loc":{"start":{"line":253,"column":38},"end":{"line":269,"column":5}},"locations":[{"start":{"line":253,"column":38},"end":{"line":269,"column":5}}]},"37":{"type":"branch","line":255,"loc":{"start":{"line":255,"column":35},"end":{"line":257,"column":7}},"locations":[{"start":{"line":255,"column":35},"end":{"line":257,"column":7}}]},"38":{"type":"branch","line":269,"loc":{"start":{"line":269,"column":4},"end":{"line":271,"column":39}},"locations":[{"start":{"line":269,"column":4},"end":{"line":271,"column":39}}]},"39":{"type":"branch","line":271,"loc":{"start":{"line":271,"column":39},"end":{"line":285,"column":5}},"locations":[{"start":{"line":271,"column":39},"end":{"line":285,"column":5}}]},"40":{"type":"branch","line":274,"loc":{"start":{"line":274,"column":43},"end":{"line":274,"column":66}},"locations":[{"start":{"line":274,"column":43},"end":{"line":274,"column":66}}]},"41":{"type":"branch","line":285,"loc":{"start":{"line":285,"column":4},"end":{"line":289,"column":32}},"locations":[{"start":{"line":285,"column":4},"end":{"line":289,"column":32}}]},"42":{"type":"branch","line":289,"loc":{"start":{"line":289,"column":18},"end":{"line":289,"column":49}},"locations":[{"start":{"line":289,"column":18},"end":{"line":289,"column":49}}]},"43":{"type":"branch","line":289,"loc":{"start":{"line":289,"column":49},"end":{"line":291,"column":5}},"locations":[{"start":{"line":289,"column":49},"end":{"line":291,"column":5}}]},"44":{"type":"branch","line":293,"loc":{"start":{"line":293,"column":2},"end":{"line":306,"column":1}},"locations":[{"start":{"line":293,"column":2},"end":{"line":306,"column":1}}]}},"b":{"0":[34],"1":[1],"2":[0],"3":[20],"4":[31],"5":[9],"6":[29],"7":[33],"8":[3],"9":[1],"10":[1],"11":[1],"12":[3],"13":[1],"14":[1],"15":[1],"16":[4],"17":[34],"18":[1],"19":[33],"20":[3],"21":[0],"22":[30],"23":[64],"24":[2],"25":[62],"26":[2],"27":[63],"28":[62],"29":[57],"30":[9],"31":[48],"32":[4],"33":[58],"34":[1],"35":[57],"36":[17],"37":[3],"38":[40],"39":[2],"40":[0],"41":[38],"42":[5],"43":[5],"44":[4]},"fnMap":{"0":{"name":"resolveLoopOptions","decl":{"start":{"line":25,"column":0},"end":{"line":43,"column":1}},"loc":{"start":{"line":25,"column":0},"end":{"line":43,"column":1}},"line":25},"1":{"name":"exitCodeForAvailability","decl":{"start":{"line":48,"column":0},"end":{"line":59,"column":1}},"loc":{"start":{"line":48,"column":0},"end":{"line":59,"column":1}},"line":48},"2":{"name":"loopStatusForAvailability","decl":{"start":{"line":64,"column":0},"end":{"line":75,"column":1}},"loc":{"start":{"line":64,"column":0},"end":{"line":75,"column":1}},"line":64},"3":{"name":"createErrorResult","decl":{"start":{"line":80,"column":0},"end":{"line":98,"column":1}},"loc":{"start":{"line":80,"column":0},"end":{"line":98,"column":1}},"line":80},"4":{"name":"runLoop","decl":{"start":{"line":111,"column":0},"end":{"line":306,"column":1}},"loc":{"start":{"line":111,"column":0},"end":{"line":306,"column":1}},"line":111}},"f":{"0":34,"1":3,"2":3,"3":4,"4":34}}
,"D:\\___PROJETS\\essai\\project\\src\\runner\\run.ts": {"path":"D:\\___PROJETS\\essai\\project\\src\\runner\\run.ts","all":false,"statementMap":{"0":{"start":{"line":1,"column":0},"end":{"line":1,"column":60}},"5":{"start":{"line":6,"column":0},"end":{"line":6,"column":31}},"6":{"start":{"line":7,"column":0},"end":{"line":7,"column":39}},"7":{"start":{"line":8,"column":0},"end":{"line":8,"column":67}},"13":{"start":{"line":14,"column":0},"end":{"line":14,"column":76}},"14":{"start":{"line":15,"column":0},"end":{"line":15,"column":24}},"15":{"start":{"line":16,"column":0},"end":{"line":16,"column":27}},"16":{"start":{"line":17,"column":0},"end":{"line":17,"column":3}},"18":{"start":{"line":19,"column":0},"end":{"line":19,"column":39}},"19":{"start":{"line":20,"column":0},"end":{"line":20,"column":37}},"20":{"start":{"line":21,"column":0},"end":{"line":21,"column":1}},"25":{"start":{"line":26,"column":0},"end":{"line":26,"column":33}},"26":{"start":{"line":27,"column":0},"end":{"line":27,"column":56}},"27":{"start":{"line":28,"column":0},"end":{"line":28,"column":11}},"28":{"start":{"line":29,"column":0},"end":{"line":29,"column":19}},"29":{"start":{"line":30,"column":0},"end":{"line":30,"column":19}},"30":{"start":{"line":31,"column":0},"end":{"line":31,"column":34}},"31":{"start":{"line":32,"column":0},"end":{"line":32,"column":27}},"32":{"start":{"line":33,"column":0},"end":{"line":33,"column":42}},"33":{"start":{"line":34,"column":0},"end":{"line":34,"column":23}},"34":{"start":{"line":35,"column":0},"end":{"line":35,"column":24}},"35":{"start":{"line":36,"column":0},"end":{"line":36,"column":3}},"36":{"start":{"line":37,"column":0},"end":{"line":37,"column":1}},"41":{"start":{"line":42,"column":0},"end":{"line":42,"column":34}},"42":{"start":{"line":43,"column":0},"end":{"line":43,"column":56}},"43":{"start":{"line":44,"column":0},"end":{"line":44,"column":14}},"44":{"start":{"line":45,"column":0},"end":{"line":45,"column":19}},"45":{"start":{"line":46,"column":0},"end":{"line":46,"column":19}},"46":{"start":{"line":47,"column":0},"end":{"line":47,"column":31}},"47":{"start":{"line":48,"column":0},"end":{"line":48,"column":27}},"48":{"start":{"line":49,"column":0},"end":{"line":49,"column":39}},"49":{"start":{"line":50,"column":0},"end":{"line":50,"column":23}},"50":{"start":{"line":51,"column":0},"end":{"line":51,"column":35}},"51":{"start":{"line":52,"column":0},"end":{"line":52,"column":3}},"52":{"start":{"line":53,"column":0},"end":{"line":53,"column":1}},"57":{"start":{"line":58,"column":0},"end":{"line":58,"column":72}},"58":{"start":{"line":59,"column":0},"end":{"line":59,"column":31}},"59":{"start":{"line":60,"column":0},"end":{"line":60,"column":60}},"60":{"start":{"line":61,"column":0},"end":{"line":61,"column":43}},"63":{"start":{"line":64,"column":0},"end":{"line":64,"column":47}},"65":{"start":{"line":66,"column":0},"end":{"line":66,"column":17}},"66":{"start":{"line":67,"column":0},"end":{"line":67,"column":12}},"67":{"start":{"line":68,"column":0},"end":{"line":68,"column":27}},"68":{"start":{"line":69,"column":0},"end":{"line":69,"column":44}},"69":{"start":{"line":70,"column":0},"end":{"line":70,"column":25}},"70":{"start":{"line":71,"column":0},"end":{"line":71,"column":32}},"71":{"start":{"line":72,"column":0},"end":{"line":72,"column":41}},"72":{"start":{"line":73,"column":0},"end":{"line":73,"column":69}},"73":{"start":{"line":74,"column":0},"end":{"line":74,"column":6}},"74":{"start":{"line":75,"column":0},"end":{"line":75,"column":3}},"77":{"start":{"line":78,"column":0},"end":{"line":78,"column":51}},"79":{"start":{"line":80,"column":0},"end":{"line":80,"column":44}},"80":{"start":{"line":81,"column":0},"end":{"line":81,"column":12}},"81":{"start":{"line":82,"column":0},"end":{"line":82,"column":61}},"82":{"start":{"line":83,"column":0},"end":{"line":83,"column":74}},"83":{"start":{"line":84,"column":0},"end":{"line":84,"column":25}},"84":{"start":{"line":85,"column":0},"end":{"line":85,"column":60}},"85":{"start":{"line":86,"column":0},"end":{"line":86,"column":41}},"86":{"start":{"line":87,"column":0},"end":{"line":87,"column":36}},"87":{"start":{"line":88,"column":0},"end":{"line":88,"column":6}},"88":{"start":{"line":89,"column":0},"end":{"line":89,"column":3}},"91":{"start":{"line":92,"column":0},"end":{"line":92,"column":40}},"92":{"start":{"line":93,"column":0},"end":{"line":93,"column":27}},"93":{"start":{"line":94,"column":0},"end":{"line":94,"column":8}},"94":{"start":{"line":95,"column":0},"end":{"line":95,"column":21}},"95":{"start":{"line":96,"column":0},"end":{"line":96,"column":33}},"96":{"start":{"line":97,"column":0},"end":{"line":97,"column":5}},"98":{"start":{"line":99,"column":0},"end":{"line":99,"column":10}},"99":{"start":{"line":100,"column":0},"end":{"line":100,"column":30}},"100":{"start":{"line":101,"column":0},"end":{"line":101,"column":22}},"101":{"start":{"line":102,"column":0},"end":{"line":102,"column":23}},"102":{"start":{"line":103,"column":0},"end":{"line":103,"column":56}},"103":{"start":{"line":104,"column":0},"end":{"line":104,"column":39}},"104":{"start":{"line":105,"column":0},"end":{"line":105,"column":4}},"105":{"start":{"line":106,"column":0},"end":{"line":106,"column":1}}},"s":{"0":1,"5":1,"6":1,"7":1,"13":11,"14":11,"15":9,"16":9,"18":2,"19":11,"20":11,"25":3,"26":3,"27":3,"28":3,"29":3,"30":1,"31":3,"32":1,"33":3,"34":1,"35":3,"36":3,"41":3,"42":3,"43":3,"44":3,"45":3,"46":1,"47":3,"48":1,"49":3,"50":1,"51":3,"52":3,"57":11,"58":11,"59":11,"60":11,"63":11,"65":11,"66":1,"67":1,"68":1,"69":1,"70":1,"71":1,"72":1,"73":1,"74":1,"77":10,"79":11,"80":3,"81":3,"82":3,"83":3,"84":3,"85":3,"86":3,"87":3,"88":3,"91":7,"92":7,"93":7,"94":7,"95":7,"96":7,"98":7,"99":7,"100":7,"101":7,"102":11,"103":11,"104":11,"105":11},"branchMap":{"0":{"type":"branch","line":14,"loc":{"start":{"line":14,"column":0},"end":{"line":21,"column":1}},"locations":[{"start":{"line":14,"column":0},"end":{"line":21,"column":1}}]},"1":{"type":"branch","line":15,"loc":{"start":{"line":15,"column":23},"end":{"line":17,"column":3}},"locations":[{"start":{"line":15,"column":23},"end":{"line":17,"column":3}}]},"2":{"type":"branch","line":17,"loc":{"start":{"line":17,"column":2},"end":{"line":20,"column":27}},"locations":[{"start":{"line":17,"column":2},"end":{"line":20,"column":27}}]},"3":{"type":"branch","line":20,"loc":{"start":{"line":20,"column":16},"end":{"line":20,"column":37}},"locations":[{"start":{"line":20,"column":16},"end":{"line":20,"column":37}}]},"4":{"type":"branch","line":26,"loc":{"start":{"line":26,"column":0},"end":{"line":37,"column":1}},"locations":[{"start":{"line":26,"column":0},"end":{"line":37,"column":1}}]},"5":{"type":"branch","line":30,"loc":{"start":{"line":30,"column":4},"end":{"line":31,"column":34}},"locations":[{"start":{"line":30,"column":4},"end":{"line":31,"column":34}}]},"6":{"type":"branch","line":32,"loc":{"start":{"line":32,"column":4},"end":{"line":33,"column":42}},"locations":[{"start":{"line":32,"column":4},"end":{"line":33,"column":42}}]},"7":{"type":"branch","line":34,"loc":{"start":{"line":34,"column":4},"end":{"line":35,"column":24}},"locations":[{"start":{"line":34,"column":4},"end":{"line":35,"column":24}}]},"8":{"type":"branch","line":42,"loc":{"start":{"line":42,"column":0},"end":{"line":53,"column":1}},"locations":[{"start":{"line":42,"column":0},"end":{"line":53,"column":1}}]},"9":{"type":"branch","line":46,"loc":{"start":{"line":46,"column":4},"end":{"line":47,"column":31}},"locations":[{"start":{"line":46,"column":4},"end":{"line":47,"column":31}}]},"10":{"type":"branch","line":48,"loc":{"start":{"line":48,"column":4},"end":{"line":49,"column":39}},"locations":[{"start":{"line":48,"column":4},"end":{"line":49,"column":39}}]},"11":{"type":"branch","line":50,"loc":{"start":{"line":50,"column":4},"end":{"line":51,"column":35}},"locations":[{"start":{"line":50,"column":4},"end":{"line":51,"column":35}}]},"12":{"type":"branch","line":58,"loc":{"start":{"line":58,"column":0},"end":{"line":106,"column":1}},"locations":[{"start":{"line":58,"column":0},"end":{"line":106,"column":1}}]},"13":{"type":"branch","line":61,"loc":{"start":{"line":61,"column":22},"end":{"line":61,"column":43}},"locations":[{"start":{"line":61,"column":22},"end":{"line":61,"column":43}}]},"14":{"type":"branch","line":66,"loc":{"start":{"line":66,"column":16},"end":{"line":75,"column":3}},"locations":[{"start":{"line":66,"column":16},"end":{"line":75,"column":3}}]},"15":{"type":"branch","line":75,"loc":{"start":{"line":75,"column":2},"end":{"line":80,"column":43}},"locations":[{"start":{"line":75,"column":2},"end":{"line":80,"column":43}}]},"16":{"type":"branch","line":80,"loc":{"start":{"line":80,"column":43},"end":{"line":89,"column":3}},"locations":[{"start":{"line":80,"column":43},"end":{"line":89,"column":3}}]},"17":{"type":"branch","line":83,"loc":{"start":{"line":83,"column":25},"end":{"line":83,"column":74}},"locations":[{"start":{"line":83,"column":25},"end":{"line":83,"column":74}}]},"18":{"type":"branch","line":89,"loc":{"start":{"line":89,"column":2},"end":{"line":103,"column":36}},"locations":[{"start":{"line":89,"column":2},"end":{"line":103,"column":36}}]},"19":{"type":"branch","line":103,"loc":{"start":{"line":103,"column":32},"end":{"line":103,"column":48}},"locations":[{"start":{"line":103,"column":32},"end":{"line":103,"column":48}}]},"20":{"type":"branch","line":103,"loc":{"start":{"line":103,"column":36},"end":{"line":103,"column":56}},"locations":[{"start":{"line":103,"column":36},"end":{"line":103,"column":56}}]}},"b":{"0":[11],"1":[9],"2":[2],"3":[0],"4":[3],"5":[1],"6":[1],"7":[1],"8":[3],"9":[1],"10":[1],"11":[1],"12":[11],"13":[10],"14":[1],"15":[10],"16":[3],"17":[0],"18":[7],"19":[6],"20":[1]},"fnMap":{"0":{"name":"resolveBackendId","decl":{"start":{"line":14,"column":0},"end":{"line":21,"column":1}},"loc":{"start":{"line":14,"column":0},"end":{"line":21,"column":1}},"line":14},"1":{"name":"exitCodeForAvailability","decl":{"start":{"line":26,"column":0},"end":{"line":37,"column":1}},"loc":{"start":{"line":26,"column":0},"end":{"line":37,"column":1}},"line":26},"2":{"name":"runStatusForAvailability","decl":{"start":{"line":42,"column":0},"end":{"line":53,"column":1}},"loc":{"start":{"line":42,"column":0},"end":{"line":53,"column":1}},"line":42},"3":{"name":"runOnce","decl":{"start":{"line":58,"column":0},"end":{"line":106,"column":1}},"loc":{"start":{"line":58,"column":0},"end":{"line":106,"column":1}},"line":58}},"f":{"0":11,"1":3,"2":3,"3":11}}
,"D:\\___PROJETS\\essai\\project\\src\\runner\\types.ts": {"path":"D:\\___PROJETS\\essai\\project\\src\\runner\\types.ts","all":true,"statementMap":{},"s":{},"branchMap":{"0":{"type":"branch","line":1,"loc":{"start":{"line":1,"column":3439},"end":{"line":127,"column":1}},"locations":[{"start":{"line":1,"column":3439},"end":{"line":127,"column":1}}]}},"b":{"0":[1]},"fnMap":{"0":{"name":"(empty-report)","decl":{"start":{"line":1,"column":3439},"end":{"line":127,"column":1}},"loc":{"start":{"line":1,"column":3439},"end":{"line":127,"column":1}},"line":1}},"f":{"0":1}}
}
